21:52:39 **** Incremental Build of configuration Debug for project OSpro3 ****
make all 
Building target: OSpro3
Invoking: GCC C++ Linker
g++  -o "OSpro3"  ./print_ts.o ./tester.o   
/usr/lib/gcc/x86_64-linux-gnu/5/../../../x86_64-linux-gnu/crt1.o: In function `_start':
(.text+0x20): undefined reference to `main'
collect2: error: ld returned 1 exit status
makefile:44: recipe for target 'OSpro3' failed
make: *** [OSpro3] Error 1
20:05:21 **** Incremental Build of configuration Debug for project OSpro3 ****
make all 
Building target: OSpro3
Invoking: GCC C++ Linker
g++  -o "OSpro3"  ./print_ts.o ./tester.o   
/usr/lib/gcc/x86_64-linux-gnu/5/../../../x86_64-linux-gnu/crt1.o: In function `_start':
(.text+0x20): undefined reference to `main'
makefile:44: recipe for target 'OSpro3' failed
collect2: error: ld returned 1 exit status
make: *** [OSpro3] Error 1
20:08:45 **** Incremental Build of configuration Debug for project OSpro3 ****
make all 
Building target: OSpro3
Invoking: GCC C++ Linker
g++  -o "OSpro3"  ./print_ts.o ./tester.o   
/usr/lib/gcc/x86_64-linux-gnu/5/../../../x86_64-linux-gnu/crt1.o: In function `_start':
(.text+0x20): undefined reference to `main'
makefile:44: recipe for target 'OSpro3' failed
collect2: error: ld returned 1 exit status
make: *** [OSpro3] Error 1
20:12:01 **** Incremental Build of configuration Debug for project OSpro3 ****
make all 
Building target: OSpro3
Invoking: GCC C++ Linker
g++  -o "OSpro3"  ./print_ts.o ./tester.o   
/usr/lib/gcc/x86_64-linux-gnu/5/../../../x86_64-linux-gnu/crt1.o: In function `_start':
(.text+0x20): undefined reference to `main'
makefile:44: recipe for target 'OSpro3' failed
collect2: error: ld returned 1 exit status
make: *** [OSpro3] Error 1
20:12:02 **** Incremental Build of configuration Debug for project Project2_Starter ****
make all 
make: Nothing to be done for 'all'.
20:15:00 **** Incremental Build of configuration Debug for project OSpro3 ****
make all 
Building file: ../main.cpp
Invoking: GCC C++ Compiler
g++ -std=c++0x -O0 -g3 -Wall -c -fmessage-length=0 -MMD -MP -MF"main.d" -MT"main.o" -o "main.o" "../main.cpp"
Finished building: ../main.cpp
 
Building target: OSpro3
Invoking: GCC C++ Linker
g++  -o "OSpro3"  ./main.o ./print_ts.o ./tester.o   
Finished building target: OSpro3
 
20:15:01 **** Incremental Build of configuration Debug for project Project2_Starter ****
make all 
make: Nothing to be done for 'all'.
20:21:00 **** Incremental Build of configuration Debug for project OSpro3 ****
make all 
Building file: ../main.cpp
Invoking: GCC C++ Compiler
g++ -std=c++0x -O0 -g3 -Wall -c -fmessage-length=0 -MMD -MP -MF"main.d" -MT"main.o" -o "main.o" "../main.cpp"
Finished building: ../main.cpp
 
Building file: ../print_ts.cpp
Invoking: GCC C++ Compiler
g++ -std=c++0x -O0 -g3 -Wall -c -fmessage-length=0 -MMD -MP -MF"print_ts.d" -MT"print_ts.o" -o "print_ts.o" "../print_ts.cpp"
../print_ts.cpp: In function ‘void PRINT1(std::__cxx11::string&)’:
../print_ts.cpp:10:2: error: ‘cout’ was not declared in this scope
  cout<<txt<<endl;
  ^
../print_ts.cpp:10:13: error: ‘endl’ was not declared in this scope
  cout<<txt<<endl;
             ^
subdir.mk:24: recipe for target 'print_ts.o' failed
make: *** [print_ts.o] Error 1
20:21:01 **** Incremental Build of configuration Debug for project Project2_Starter ****
make all 
make: Nothing to be done for 'all'.
20:21:21 **** Incremental Build of configuration Debug for project OSpro3 ****
make all 
Building file: ../print_ts.cpp
Invoking: GCC C++ Compiler
g++ -std=c++0x -O0 -g3 -Wall -c -fmessage-length=0 -MMD -MP -MF"print_ts.d" -MT"print_ts.o" -o "print_ts.o" "../print_ts.cpp"
../print_ts.cpp: In function ‘void PRINT1(std::__cxx11::string&)’:
../print_ts.cpp:10:2: error: ‘cout’ is not a member of ‘std’
  std::cout<<txt<<endl;
  ^
../print_ts.cpp:10:18: error: ‘endl’ was not declared in this scope
  std::cout<<txt<<endl;
                  ^
subdir.mk:24: recipe for target 'print_ts.o' failed
make: *** [print_ts.o] Error 1
20:21:22 **** Incremental Build of configuration Debug for project Project2_Starter ****
make all 
make: Nothing to be done for 'all'.
20:22:23 **** Incremental Build of configuration Debug for project OSpro3 ****
make all 
Building file: ../print_ts.cpp
Invoking: GCC C++ Compiler
g++ -std=c++0x -O0 -g3 -Wall -c -fmessage-length=0 -MMD -MP -MF"print_ts.d" -MT"print_ts.o" -o "print_ts.o" "../print_ts.cpp"
../print_ts.cpp: In function ‘void PRINT1(std::__cxx11::string&)’:
../print_ts.cpp:10:2: error: ‘cout’ is not a member of ‘std’
  std::cout<<txt;
  ^
subdir.mk:24: recipe for target 'print_ts.o' failed
make: *** [print_ts.o] Error 1
20:22:24 **** Incremental Build of configuration Debug for project Project2_Starter ****
make all 
make: Nothing to be done for 'all'.
20:22:44 **** Incremental Build of configuration Debug for project OSpro3 ****
make all 
Building file: ../print_ts.cpp
Invoking: GCC C++ Compiler
g++ -std=c++0x -O0 -g3 -Wall -c -fmessage-length=0 -MMD -MP -MF"print_ts.d" -MT"print_ts.o" -o "print_ts.o" "../print_ts.cpp"
../print_ts.cpp: In function ‘void PRINT1(std::__cxx11::string&)’:
../print_ts.cpp:11:2: error: ‘cout’ is not a member of ‘std’
  std::cout<<txt;
  ^
subdir.mk:24: recipe for target 'print_ts.o' failed
make: *** [print_ts.o] Error 1
20:22:44 **** Incremental Build of configuration Debug for project Project2_Starter ****
make all 
make: Nothing to be done for 'all'.

**** Build of configuration Debug for project OSpro3 ****

Nothing to build for project OSpro3
20:27:19 **** Incremental Build of configuration Debug for project Project2_Starter ****
make all 
make: Nothing to be done for 'all'.
20:27:19 **** Build of configuration Debug for project osPro3 ****
make all 
Building file: ../src/main.cpp
Invoking: GCC C++ Compiler
g++ -O0 -g3 -Wall -c -fmessage-length=0 -MMD -MP -MF"src/main.d" -MT"src/main.o" -o "src/main.o" "../src/main.cpp"
Finished building: ../src/main.cpp
 
Building file: ../src/print_ts.cpp
Invoking: GCC C++ Compiler
g++ -O0 -g3 -Wall -c -fmessage-length=0 -MMD -MP -MF"src/print_ts.d" -MT"src/print_ts.o" -o "src/print_ts.o" "../src/print_ts.cpp"
../src/print_ts.cpp: In function ‘void PRINT1(std::__cxx11::string&)’:
../src/print_ts.cpp:10:2: error: ‘cout’ was not declared in this scope
  cout<<txt;
  ^
make: *** [src/print_ts.o] Error 1
src/subdir.mk:24: recipe for target 'src/print_ts.o' failed

**** Build of configuration Debug for project OSpro3 ****

Nothing to build for project OSpro3
20:31:35 **** Incremental Build of configuration Debug for project Project2_Starter ****
make all 
make: Nothing to be done for 'all'.
20:31:36 **** Incremental Build of configuration Debug for project osPro3 ****
make all 
Building file: ../src/print_ts.cpp
Invoking: GCC C++ Compiler
g++ -O0 -g3 -Wall -c -fmessage-length=0 -MMD -MP -MF"src/print_ts.d" -MT"src/print_ts.o" -o "src/print_ts.o" "../src/print_ts.cpp"
../src/print_ts.cpp: In function ‘void PRINT1(std::__cxx11::string&)’:
../src/print_ts.cpp:10:2: error: ‘cout’ was not declared in this scope
  cout<<txt;
  ^
src/subdir.mk:24: recipe for target 'src/print_ts.o' failed
make: *** [src/print_ts.o] Error 1

**** Build of configuration Debug for project OSpro3 ****

Nothing to build for project OSpro3
20:33:26 **** Incremental Build of configuration Debug for project Project2_Starter ****
make all 
make: Nothing to be done for 'all'.
20:33:27 **** Incremental Build of configuration Debug for project osPro3 ****
make all 
Building file: ../main.cpp
Invoking: GCC C++ Compiler
g++ -O0 -g3 -Wall -c -fmessage-length=0 -MMD -MP -MF"main.d" -MT"main.o" -o "main.o" "../main.cpp"
Finished building: ../main.cpp
 
Building file: ../print_ts.cpp
Invoking: GCC C++ Compiler
g++ -O0 -g3 -Wall -c -fmessage-length=0 -MMD -MP -MF"print_ts.d" -MT"print_ts.o" -o "print_ts.o" "../print_ts.cpp"
../print_ts.cpp: In function ‘void PRINT1(std::__cxx11::string&)’:
../print_ts.cpp:10:2: error: ‘cout’ was not declared in this scope
  cout<<txt;
  ^
subdir.mk:24: recipe for target 'print_ts.o' failed
make: *** [print_ts.o] Error 1

**** Build of configuration Debug for project OSpro3 ****

Nothing to build for project OSpro3
20:33:52 **** Incremental Build of configuration Debug for project Project2_Starter ****
make all 
make: Nothing to be done for 'all'.
20:33:52 **** Clean-only build of configuration Debug for project osPro3 ****
make clean 
rm -rf  ./main.o ./print_ts.o ./tester.o  ./main.d ./print_ts.d ./tester.d  osPro3
 
20:33:53 **** Incremental Build of configuration Debug for project osPro3 ****
make all 
Building file: ../main.cpp
Invoking: GCC C++ Compiler
g++ -O0 -g3 -Wall -c -fmessage-length=0 -MMD -MP -MF"main.d" -MT"main.o" -o "main.o" "../main.cpp"
Finished building: ../main.cpp
 
Building file: ../print_ts.cpp
Invoking: GCC C++ Compiler
g++ -O0 -g3 -Wall -c -fmessage-length=0 -MMD -MP -MF"print_ts.d" -MT"print_ts.o" -o "print_ts.o" "../print_ts.cpp"
../print_ts.cpp: In function ‘void PRINT1(std::__cxx11::string&)’:
../print_ts.cpp:10:2: error: ‘cout’ was not declared in this scope
  cout<<txt;
  ^
subdir.mk:24: recipe for target 'print_ts.o' failed
make: *** [print_ts.o] Error 1

**** Build of configuration Debug for project OSpro3 ****

Nothing to build for project OSpro3
20:35:28 **** Incremental Build of configuration Debug for project Project2_Starter ****
make all 
make: Nothing to be done for 'all'.
20:35:29 **** Incremental Build of configuration Debug for project osPro3 ****
make all 
Building file: ../main.cpp
Invoking: GCC C++ Compiler
g++ -std=c++0x -O0 -g3 -Wall -c -fmessage-length=0 -MMD -MP -MF"main.d" -MT"main.o" -o "main.o" "../main.cpp"
Finished building: ../main.cpp
 
Building file: ../print_ts.cpp
Invoking: GCC C++ Compiler
g++ -std=c++0x -O0 -g3 -Wall -c -fmessage-length=0 -MMD -MP -MF"print_ts.d" -MT"print_ts.o" -o "print_ts.o" "../print_ts.cpp"
../print_ts.cpp: In function ‘void PRINT1(std::__cxx11::string&)’:
../print_ts.cpp:10:2: error: ‘cout’ was not declared in this scope
  cout<<txt;
  ^
subdir.mk:24: recipe for target 'print_ts.o' failed
make: *** [print_ts.o] Error 1

**** Build of configuration Debug for project OSpro3 ****

Nothing to build for project OSpro3
20:35:39 **** Incremental Build of configuration Debug for project Project2_Starter ****
make all 
make: Nothing to be done for 'all'.
20:35:39 **** Incremental Build of configuration Debug for project osPro3 ****
make all 
Building file: ../print_ts.cpp
Invoking: GCC C++ Compiler
g++ -std=c++0x -O0 -g3 -Wall -c -fmessage-length=0 -MMD -MP -MF"print_ts.d" -MT"print_ts.o" -o "print_ts.o" "../print_ts.cpp"
../print_ts.cpp: In function ‘void PRINT1(std::__cxx11::string&)’:
../print_ts.cpp:10:2: error: ‘cout’ is not a member of ‘std’
  std::cout<<txt;
  ^
subdir.mk:24: recipe for target 'print_ts.o' failed
make: *** [print_ts.o] Error 1

**** Build of configuration Debug for project OSpro3 ****

Nothing to build for project OSpro3
20:36:29 **** Incremental Build of configuration Debug for project Project2_Starter ****
make all 
make: Nothing to be done for 'all'.
20:36:29 **** Incremental Build of configuration Debug for project osPro3 ****
make all 
Building file: ../print_ts.cpp
Invoking: GCC C++ Compiler
g++ -std=c++0x -O0 -g3 -Wall -c -fmessage-length=0 -MMD -MP -MF"print_ts.d" -MT"print_ts.o" -o "print_ts.o" "../print_ts.cpp"
../print_ts.cpp:8:2: error: invalid preprocessing directive #inclde
 #inclde <iostream>;
  ^
../print_ts.cpp: In function ‘void PRINT1(std::__cxx11::string&)’:
../print_ts.cpp:11:2: error: ‘cout’ is not a member of ‘std’
  std::cout<<txt;
  ^
subdir.mk:24: recipe for target 'print_ts.o' failed
make: *** [print_ts.o] Error 1

**** Build of configuration Debug for project OSpro3 ****

Nothing to build for project OSpro3
20:36:41 **** Incremental Build of configuration Debug for project Project2_Starter ****
make all 
make: Nothing to be done for 'all'.
20:36:42 **** Incremental Build of configuration Debug for project osPro3 ****
make all 
Building file: ../print_ts.cpp
Invoking: GCC C++ Compiler
g++ -std=c++0x -O0 -g3 -Wall -c -fmessage-length=0 -MMD -MP -MF"print_ts.d" -MT"print_ts.o" -o "print_ts.o" "../print_ts.cpp"
../print_ts.cpp:8:20: warning: extra tokens at end of #include directive
 #include <iostream>;
                    ^
Finished building: ../print_ts.cpp
 
Building file: ../tester.cpp
Invoking: GCC C++ Compiler
g++ -std=c++0x -O0 -g3 -Wall -c -fmessage-length=0 -MMD -MP -MF"tester.d" -MT"tester.o" -o "tester.o" "../tester.cpp"
../tester.cpp: In function ‘void startThreads(std::__cxx11::string, int, WHICH_PRINT, int, int)’:
../tester.cpp:19:2: error: ‘cout’ is not a member of ‘std’
  std::cout<<"kdsj";
  ^
make: *** [tester.o] Error 1
subdir.mk:24: recipe for target 'tester.o' failed
20:43:39 **** Build of configuration Debug for project OsPro3_thread ****
make all 
Building file: ../src/print_ts.cpp
Invoking: GCC C++ Compiler
g++ -O0 -g3 -Wall -c -fmessage-length=0 -MMD -MP -MF"src/print_ts.d" -MT"src/print_ts.o" -o "src/print_ts.o" "../src/print_ts.cpp"
Finished building: ../src/print_ts.cpp
 
Building file: ../src/tester.cpp
Invoking: GCC C++ Compiler
g++ -O0 -g3 -Wall -c -fmessage-length=0 -MMD -MP -MF"src/tester.d" -MT"src/tester.o" -o "src/tester.o" "../src/tester.cpp"
Finished building: ../src/tester.cpp
 
Building target: OsPro3_thread
Invoking: GCC C++ Linker
g++  -o "OsPro3_thread"  ./src/print_ts.o ./src/tester.o   
/usr/lib/gcc/x86_64-linux-gnu/5/../../../x86_64-linux-gnu/crt1.o: In function `_start':
(.text+0x20): undefined reference to `main'
collect2: error: ld returned 1 exit status
makefile:45: recipe for target 'OsPro3_thread' failed
make: *** [OsPro3_thread] Error 1
20:43:40 **** Incremental Build of configuration Debug for project Project2_Starter ****
make all 
make: Nothing to be done for 'all'.
20:44:30 **** Incremental Build of configuration Debug for project OsPro3_thread ****
make all 
Building file: ../src/main.cpp
Invoking: GCC C++ Compiler
g++ -O0 -g3 -Wall -c -fmessage-length=0 -MMD -MP -MF"src/main.d" -MT"src/main.o" -o "src/main.o" "../src/main.cpp"
Finished building: ../src/main.cpp
 
Building target: OsPro3_thread
Invoking: GCC C++ Linker
g++  -o "OsPro3_thread"  ./src/main.o ./src/print_ts.o ./src/tester.o   
Finished building target: OsPro3_thread
 
20:44:31 **** Incremental Build of configuration Debug for project Project2_Starter ****
make all 
make: Nothing to be done for 'all'.
20:58:40 **** Incremental Build of configuration Debug for project OsPro3_thread ****
make all 
Building file: ../src/print_ts.cpp
Invoking: GCC C++ Compiler
g++ -O0 -g3 -Wall -c -fmessage-length=0 -MMD -MP -MF"src/print_ts.d" -MT"src/print_ts.o" -o "src/print_ts.o" "../src/print_ts.cpp"
Finished building: ../src/print_ts.cpp
 
Building file: ../src/tester.cpp
Invoking: GCC C++ Compiler
g++ -O0 -g3 -Wall -c -fmessage-length=0 -MMD -MP -MF"src/tester.d" -MT"src/tester.o" -o "src/tester.o" "../src/tester.cpp"
In file included from /usr/include/c++/5/thread:35:0,
                 from ../src/tester.cpp:9:
/usr/include/c++/5/bits/c++0x_warning.h:32:2: error: #error This file requires compiler and library support for the ISO C++ 2011 standard. This support must be enabled with the -std=c++11 or -std=gnu++11 compiler options.
 #error This file requires compiler and library support \
  ^
In file included from ../src/tester.cpp:8:0:
../src/tester.h:27:50: error: ‘WHICH_PRINT’ has not been declared
 void startThreads(std::string s, int numThreads, WHICH_PRINT wp, int numTimesToPrint, int millisecond_delay);
                                                  ^
../src/tester.cpp: In function ‘void startThreads(std::__cxx11::string, int, print_ts, int, int)’:
../src/tester.cpp:22:4: error: ‘thread’ is not a member of ‘std’
    std::thread first(wp,s);
    ^
src/subdir.mk:24: recipe for target 'src/tester.o' failed
make: *** [src/tester.o] Error 1
20:58:41 **** Incremental Build of configuration Debug for project Project2_Starter ****
make all 
make: Nothing to be done for 'all'.
21:00:11 **** Incremental Build of configuration Debug for project OsPro3_thread ****
make all 
Building file: ../src/tester.cpp
Invoking: GCC C++ Compiler
g++ -O0 -g3 -Wall -c -fmessage-length=0 -MMD -MP -MF"src/tester.d" -MT"src/tester.o" -o "src/tester.o" "../src/tester.cpp"
In file included from /usr/include/c++/5/thread:35:0,
                 from ../src/tester.cpp:9:
/usr/include/c++/5/bits/c++0x_warning.h:32:2: error: #error This file requires compiler and library support for the ISO C++ 2011 standard. This support must be enabled with the -std=c++11 or -std=gnu++11 compiler options.
 #error This file requires compiler and library support \
  ^
In file included from ../src/tester.cpp:8:0:
../src/tester.h:27:50: error: ‘WHICH_PRINT’ has not been declared
 void startThreads(std::string s, int numThreads, WHICH_PRINT wp, int numTimesToPrint, int millisecond_delay);
                                                  ^
../src/tester.cpp: In function ‘void startThreads(std::__cxx11::string, int, print_ts, int, int)’:
../src/tester.cpp:23:4: error: ‘thread’ was not declared in this scope
    thread first(wp,s);
    ^
src/subdir.mk:24: recipe for target 'src/tester.o' failed
make: *** [src/tester.o] Error 1
21:00:11 **** Incremental Build of configuration Debug for project Project2_Starter ****
make all 
make: Nothing to be done for 'all'.
21:00:40 **** Incremental Build of configuration Debug for project OsPro3_thread ****
make all 
Building file: ../src/tester.cpp
Invoking: GCC C++ Compiler
g++ -O0 -g3 -Wall -c -fmessage-length=0 -MMD -MP -MF"src/tester.d" -MT"src/tester.o" -o "src/tester.o" "../src/tester.cpp"
In file included from /usr/include/c++/5/thread:35:0,
                 from ../src/tester.cpp:9:
/usr/include/c++/5/bits/c++0x_warning.h:32:2: error: #error This file requires compiler and library support for the ISO C++ 2011 standard. This support must be enabled with the -std=c++11 or -std=gnu++11 compiler options.
 #error This file requires compiler and library support \
  ^
../src/tester.cpp: In function ‘void startThreads(std::__cxx11::string, int, print_ts, int, int)’:
../src/tester.cpp:23:4: error: ‘thread’ was not declared in this scope
    thread first(wp,s);
    ^
src/subdir.mk:24: recipe for target 'src/tester.o' failed
make: *** [src/tester.o] Error 1
21:00:41 **** Incremental Build of configuration Debug for project Project2_Starter ****
make all 
make: Nothing to be done for 'all'.
21:01:18 **** Incremental Build of configuration Debug for project OsPro3_thread ****
make all 
Building file: ../src/tester.cpp
Invoking: GCC C++ Compiler
g++ -O0 -g3 -Wall -c -fmessage-length=0 -MMD -MP -MF"src/tester.d" -MT"src/tester.o" -o "src/tester.o" "../src/tester.cpp"
In file included from /usr/include/c++/5/thread:35:0,
                 from ../src/tester.cpp:9:
/usr/include/c++/5/bits/c++0x_warning.h:32:2: error: #error This file requires compiler and library support for the ISO C++ 2011 standard. This support must be enabled with the -std=c++11 or -std=gnu++11 compiler options.
 #error This file requires compiler and library support \
  ^
../src/tester.cpp: In function ‘void startThreads(std::__cxx11::string, int, print_ts, int, int)’:
../src/tester.cpp:24:4: error: ‘thread’ was not declared in this scope
    thread first(wp,s);
    ^
make: *** [src/tester.o] Error 1
src/subdir.mk:24: recipe for target 'src/tester.o' failed
21:01:19 **** Incremental Build of configuration Debug for project Project2_Starter ****
make all 
make: Nothing to be done for 'all'.
21:02:12 **** Incremental Build of configuration Debug for project OsPro3_thread ****
make all 
Building file: ../src/main.cpp
Invoking: GCC C++ Compiler
g++ -std=c++0x -O0 -g3 -Wall -c -fmessage-length=0 -MMD -MP -MF"src/main.d" -MT"src/main.o" -o "src/main.o" "../src/main.cpp"
Finished building: ../src/main.cpp
 
Building file: ../src/print_ts.cpp
Invoking: GCC C++ Compiler
g++ -std=c++0x -O0 -g3 -Wall -c -fmessage-length=0 -MMD -MP -MF"src/print_ts.d" -MT"src/print_ts.o" -o "src/print_ts.o" "../src/print_ts.cpp"
Finished building: ../src/print_ts.cpp
 
Building file: ../src/tester.cpp
Invoking: GCC C++ Compiler
g++ -std=c++0x -O0 -g3 -Wall -c -fmessage-length=0 -MMD -MP -MF"src/tester.d" -MT"src/tester.o" -o "src/tester.o" "../src/tester.cpp"
In file included from /usr/include/c++/5/thread:39:0,
                 from ../src/tester.cpp:9:
/usr/include/c++/5/functional: In instantiation of ‘struct std::_Bind_simple<print_ts(std::__cxx11::basic_string<char>)>’:
/usr/include/c++/5/thread:137:59:   required from ‘std::thread::thread(_Callable&&, _Args&& ...) [with _Callable = print_ts&; _Args = {std::__cxx11::basic_string<char, std::char_traits<char>, std::allocator<char> >&}]’
../src/tester.cpp:24:21:   required from here
/usr/include/c++/5/functional:1505:61: error: no type named ‘type’ in ‘class std::result_of<print_ts(std::__cxx11::basic_string<char>)>’
       typedef typename result_of<_Callable(_Args...)>::type result_type;
                                                             ^
/usr/include/c++/5/functional:1526:9: error: no type named ‘type’ in ‘class std::result_of<print_ts(std::__cxx11::basic_string<char>)>’
         _M_invoke(_Index_tuple<_Indices...>)
         ^
make: *** [src/tester.o] Error 1
src/subdir.mk:24: recipe for target 'src/tester.o' failed
21:02:15 **** Incremental Build of configuration Debug for project Project2_Starter ****
make all 
make: Nothing to be done for 'all'.
21:02:34 **** Incremental Build of configuration Debug for project OsPro3_thread ****
make all 
Building file: ../src/tester.cpp
Invoking: GCC C++ Compiler
g++ -std=c++0x -O0 -g3 -Wall -c -fmessage-length=0 -MMD -MP -MF"src/tester.d" -MT"src/tester.o" -o "src/tester.o" "../src/tester.cpp"
In file included from /usr/include/c++/5/thread:39:0,
                 from ../src/tester.cpp:9:
/usr/include/c++/5/functional: In instantiation of ‘struct std::_Bind_simple<print_ts(std::__cxx11::basic_string<char>)>’:
/usr/include/c++/5/thread:137:59:   required from ‘std::thread::thread(_Callable&&, _Args&& ...) [with _Callable = print_ts&; _Args = {std::__cxx11::basic_string<char, std::char_traits<char>, std::allocator<char> >&}]’
../src/tester.cpp:24:21:   required from here
/usr/include/c++/5/functional:1505:61: error: no type named ‘type’ in ‘class std::result_of<print_ts(std::__cxx11::basic_string<char>)>’
       typedef typename result_of<_Callable(_Args...)>::type result_type;
                                                             ^
/usr/include/c++/5/functional:1526:9: error: no type named ‘type’ in ‘class std::result_of<print_ts(std::__cxx11::basic_string<char>)>’
         _M_invoke(_Index_tuple<_Indices...>)
         ^
make: *** [src/tester.o] Error 1
src/subdir.mk:24: recipe for target 'src/tester.o' failed
21:02:35 **** Incremental Build of configuration Debug for project Project2_Starter ****
make all 
make: Nothing to be done for 'all'.
21:03:19 **** Incremental Build of configuration Debug for project OsPro3_thread ****
make all 
Building file: ../src/tester.cpp
Invoking: GCC C++ Compiler
g++ -std=c++0x -O0 -g3 -Wall -c -fmessage-length=0 -MMD -MP -MF"src/tester.d" -MT"src/tester.o" -o "src/tester.o" "../src/tester.cpp"
In file included from ../src/tester.cpp:8:0:
../src/tester.h:27:50: error: ‘WHICH_PRINT’ has not been declared
 void startThreads(std::string s, int numThreads, WHICH_PRINT wp, int numTimesToPrint, int millisecond_delay);
                                                  ^
../src/tester.cpp:20:50: error: ‘WHICH_PRINT’ has not been declared
 void startThreads(std::string s, int numThreads, WHICH_PRINT wp, int numTimesToPrint, int millisecond_delay){
                                                  ^
In file included from /usr/include/c++/5/thread:39:0,
                 from ../src/tester.cpp:9:
/usr/include/c++/5/functional: In instantiation of ‘struct std::_Bind_simple<int(std::__cxx11::basic_string<char>)>’:
/usr/include/c++/5/thread:137:59:   required from ‘std::thread::thread(_Callable&&, _Args&& ...) [with _Callable = int&; _Args = {std::__cxx11::basic_string<char, std::char_traits<char>, std::allocator<char> >&}]’
../src/tester.cpp:22:26:   required from here
/usr/include/c++/5/functional:1505:61: error: no type named ‘type’ in ‘class std::result_of<int(std::__cxx11::basic_string<char>)>’
       typedef typename result_of<_Callable(_Args...)>::type result_type;
                                                             ^
/usr/include/c++/5/functional:1526:9: error: no type named ‘type’ in ‘class std::result_of<int(std::__cxx11::basic_string<char>)>’
         _M_invoke(_Index_tuple<_Indices...>)
         ^
src/subdir.mk:24: recipe for target 'src/tester.o' failed
make: *** [src/tester.o] Error 1
21:03:20 **** Incremental Build of configuration Debug for project Project2_Starter ****
make all 
make: Nothing to be done for 'all'.
21:03:35 **** Incremental Build of configuration Debug for project OsPro3_thread ****
make all 
Building file: ../src/tester.cpp
Invoking: GCC C++ Compiler
g++ -std=c++0x -O0 -g3 -Wall -c -fmessage-length=0 -MMD -MP -MF"src/tester.d" -MT"src/tester.o" -o "src/tester.o" "../src/tester.cpp"
In file included from /usr/include/c++/5/thread:39:0,
                 from ../src/tester.cpp:9:
/usr/include/c++/5/functional: In instantiation of ‘struct std::_Bind_simple<WHICH_PRINT(std::__cxx11::basic_string<char>)>’:
/usr/include/c++/5/thread:137:59:   required from ‘std::thread::thread(_Callable&&, _Args&& ...) [with _Callable = WHICH_PRINT&; _Args = {std::__cxx11::basic_string<char, std::char_traits<char>, std::allocator<char> >&}]’
../src/tester.cpp:22:26:   required from here
/usr/include/c++/5/functional:1505:61: error: no type named ‘type’ in ‘class std::result_of<WHICH_PRINT(std::__cxx11::basic_string<char>)>’
       typedef typename result_of<_Callable(_Args...)>::type result_type;
                                                             ^
/usr/include/c++/5/functional:1526:9: error: no type named ‘type’ in ‘class std::result_of<WHICH_PRINT(std::__cxx11::basic_string<char>)>’
         _M_invoke(_Index_tuple<_Indices...>)
         ^
make: *** [src/tester.o] Error 1
src/subdir.mk:24: recipe for target 'src/tester.o' failed
21:03:35 **** Incremental Build of configuration Debug for project Project2_Starter ****
make all 
make: Nothing to be done for 'all'.
21:03:44 **** Incremental Build of configuration Debug for project OsPro3_thread ****
make all 
Building file: ../src/tester.cpp
Invoking: GCC C++ Compiler
g++ -std=c++0x -O0 -g3 -Wall -c -fmessage-length=0 -MMD -MP -MF"src/tester.d" -MT"src/tester.o" -o "src/tester.o" "../src/tester.cpp"
Finished building: ../src/tester.cpp
 
Building target: OsPro3_thread
Invoking: GCC C++ Linker
g++  -o "OsPro3_thread"  ./src/main.o ./src/print_ts.o ./src/tester.o   
Finished building target: OsPro3_thread
 
21:03:45 **** Incremental Build of configuration Debug for project Project2_Starter ****
make all 
make: Nothing to be done for 'all'.
21:19:09 **** Incremental Build of configuration Debug for project OsPro3_thread ****
make all 
Building file: ../src/tester.cpp
Invoking: GCC C++ Compiler
g++ -std=c++0x -O0 -g3 -Wall -c -fmessage-length=0 -MMD -MP -MF"src/tester.d" -MT"src/tester.o" -o "src/tester.o" "../src/tester.cpp"
../src/tester.cpp: In function ‘void startThreads(std::__cxx11::string, int, WHICH_PRINT, int, int)’:
../src/tester.cpp:23:34: error: ‘multiPrint’ was not declared in this scope
  thread ("Thread"+ to_string(i))(multiPrint,s,numTimesToPrint,wp);
                                  ^
../src/tester.cpp: In function ‘void multiPrint(std::__cxx11::string, int, WHICH_PRINT)’:
../src/tester.cpp:29:7: error: ‘wp’ cannot be used as a function
   wp(s);
       ^
In file included from /usr/include/c++/5/thread:39:0,
                 from ../src/tester.cpp:9:
/usr/include/c++/5/functional: In instantiation of ‘struct std::_Bind_simple<std::__cxx11::basic_string<char>()>’:
/usr/include/c++/5/thread:137:59:   required from ‘std::thread::thread(_Callable&&, _Args&& ...) [with _Callable = std::__cxx11::basic_string<char>; _Args = {}]’
../src/tester.cpp:23:32:   required from here
/usr/include/c++/5/functional:1505:61: error: no type named ‘type’ in ‘class std::result_of<std::__cxx11::basic_string<char>()>’
       typedef typename result_of<_Callable(_Args...)>::type result_type;
                                                             ^
/usr/include/c++/5/functional:1526:9: error: no type named ‘type’ in ‘class std::result_of<std::__cxx11::basic_string<char>()>’
         _M_invoke(_Index_tuple<_Indices...>)
         ^
src/subdir.mk:24: recipe for target 'src/tester.o' failed
make: *** [src/tester.o] Error 1
21:19:10 **** Incremental Build of configuration Debug for project Project2_Starter ****
make all 
make: Nothing to be done for 'all'.
21:24:08 **** Incremental Build of configuration Debug for project OsPro3_thread ****
make all 
Building file: ../src/tester.cpp
Invoking: GCC C++ Compiler
g++ -std=c++0x -O0 -g3 -Wall -c -fmessage-length=0 -MMD -MP -MF"src/tester.d" -MT"src/tester.o" -o "src/tester.o" "../src/tester.cpp"
../src/tester.cpp: In function ‘void startThreads(std::__cxx11::string, int, WHICH_PRINT, int, int)’:
../src/tester.cpp:23:34: error: ‘multiPrint’ was not declared in this scope
  thread ("Thread"+ to_string(i))(multiPrint,s,numTimesToPrint,wp);
                                  ^
../src/tester.cpp: In function ‘void multiPrint(std::__cxx11::string, int, WHICH_PRINT)’:
../src/tester.cpp:29:7: error: ‘wp’ cannot be used as a function
   wp(s);
       ^
../src/tester.cpp: In function ‘void setCancelThreads(bool)’:
../src/tester.cpp:38:5: error: expected primary-expression before ‘)’ token
  if()
     ^
../src/tester.cpp:39:1: error: expected primary-expression before ‘}’ token
 }
 ^
../src/tester.cpp: In function ‘void joinThreads()’:
../src/tester.cpp:45:10: error: expected unqualified-id before ‘:’ token
  for(auto: threads){
          ^
../src/tester.cpp:45:12: error: ‘threads’ was not declared in this scope
  for(auto: threads){
            ^
../src/tester.cpp:46:9: error: expected unqualified-id before ‘.’ token
   thread.join();
         ^
In file included from /usr/include/c++/5/thread:39:0,
                 from ../src/tester.cpp:9:
/usr/include/c++/5/functional: In instantiation of ‘struct std::_Bind_simple<std::__cxx11::basic_string<char>()>’:
/usr/include/c++/5/thread:137:59:   required from ‘std::thread::thread(_Callable&&, _Args&& ...) [with _Callable = std::__cxx11::basic_string<char>; _Args = {}]’
../src/tester.cpp:23:32:   required from here
/usr/include/c++/5/functional:1505:61: error: no type named ‘type’ in ‘class std::result_of<std::__cxx11::basic_string<char>()>’
       typedef typename result_of<_Callable(_Args...)>::type result_type;
                                                             ^
/usr/include/c++/5/functional:1526:9: error: no type named ‘type’ in ‘class std::result_of<std::__cxx11::basic_string<char>()>’
         _M_invoke(_Index_tuple<_Indices...>)
         ^
make: *** [src/tester.o] Error 1
src/subdir.mk:24: recipe for target 'src/tester.o' failed
21:24:09 **** Incremental Build of configuration Debug for project Project2_Starter ****
make all 
make: Nothing to be done for 'all'.
21:24:28 **** Incremental Build of configuration Debug for project OsPro3_thread ****
make all 
Building file: ../src/tester.cpp
Invoking: GCC C++ Compiler
g++ -std=c++0x -O0 -g3 -Wall -c -fmessage-length=0 -MMD -MP -MF"src/tester.d" -MT"src/tester.o" -o "src/tester.o" "../src/tester.cpp"
../src/tester.cpp: In function ‘void startThreads(std::__cxx11::string, int, WHICH_PRINT, int, int)’:
../src/tester.cpp:23:34: error: ‘multiPrint’ was not declared in this scope
  thread ("Thread"+ to_string(i))(multiPrint,s,numTimesToPrint,wp);
                                  ^
../src/tester.cpp: In function ‘void multiPrint(std::__cxx11::string, int, WHICH_PRINT)’:
../src/tester.cpp:29:7: error: ‘wp’ cannot be used as a function
   wp(s);
       ^
../src/tester.cpp: In function ‘void setCancelThreads(bool)’:
../src/tester.cpp:38:5: error: expected primary-expression before ‘)’ token
  if()
     ^
../src/tester.cpp:39:1: error: expected primary-expression before ‘}’ token
 }
 ^
../src/tester.cpp: In function ‘void joinThreads()’:
../src/tester.cpp:45:26: error: expected primary-expression before ‘)’ token
  for(auto threads: thread){
                          ^
../src/tester.cpp:46:9: error: expected unqualified-id before ‘.’ token
   thread.join();
         ^
In file included from /usr/include/c++/5/thread:39:0,
                 from ../src/tester.cpp:9:
/usr/include/c++/5/functional: In instantiation of ‘struct std::_Bind_simple<std::__cxx11::basic_string<char>()>’:
/usr/include/c++/5/thread:137:59:   required from ‘std::thread::thread(_Callable&&, _Args&& ...) [with _Callable = std::__cxx11::basic_string<char>; _Args = {}]’
../src/tester.cpp:23:32:   required from here
/usr/include/c++/5/functional:1505:61: error: no type named ‘type’ in ‘class std::result_of<std::__cxx11::basic_string<char>()>’
       typedef typename result_of<_Callable(_Args...)>::type result_type;
                                                             ^
/usr/include/c++/5/functional:1526:9: error: no type named ‘type’ in ‘class std::result_of<std::__cxx11::basic_string<char>()>’
         _M_invoke(_Index_tuple<_Indices...>)
         ^
src/subdir.mk:24: recipe for target 'src/tester.o' failed
make: *** [src/tester.o] Error 1
21:24:29 **** Incremental Build of configuration Debug for project Project2_Starter ****
make all 
make: Nothing to be done for 'all'.
21:24:35 **** Incremental Build of configuration Debug for project OsPro3_thread ****
make all 
Building file: ../src/tester.cpp
Invoking: GCC C++ Compiler
g++ -std=c++0x -O0 -g3 -Wall -c -fmessage-length=0 -MMD -MP -MF"src/tester.d" -MT"src/tester.o" -o "src/tester.o" "../src/tester.cpp"
../src/tester.cpp: In function ‘void startThreads(std::__cxx11::string, int, WHICH_PRINT, int, int)’:
../src/tester.cpp:23:34: error: ‘multiPrint’ was not declared in this scope
  thread ("Thread"+ to_string(i))(multiPrint,s,numTimesToPrint,wp);
                                  ^
../src/tester.cpp: In function ‘void multiPrint(std::__cxx11::string, int, WHICH_PRINT)’:
../src/tester.cpp:29:7: error: ‘wp’ cannot be used as a function
   wp(s);
       ^
../src/tester.cpp: In function ‘void setCancelThreads(bool)’:
../src/tester.cpp:38:5: error: expected primary-expression before ‘)’ token
  if()
     ^
../src/tester.cpp:39:1: error: expected primary-expression before ‘}’ token
 }
 ^
../src/tester.cpp: In function ‘void joinThreads()’:
../src/tester.cpp:45:26: error: expected primary-expression before ‘)’ token
  for(auto threads: thread){
                          ^
In file included from /usr/include/c++/5/thread:39:0,
                 from ../src/tester.cpp:9:
/usr/include/c++/5/functional: In instantiation of ‘struct std::_Bind_simple<std::__cxx11::basic_string<char>()>’:
/usr/include/c++/5/thread:137:59:   required from ‘std::thread::thread(_Callable&&, _Args&& ...) [with _Callable = std::__cxx11::basic_string<char>; _Args = {}]’
../src/tester.cpp:23:32:   required from here
/usr/include/c++/5/functional:1505:61: error: no type named ‘type’ in ‘class std::result_of<std::__cxx11::basic_string<char>()>’
       typedef typename result_of<_Callable(_Args...)>::type result_type;
                                                             ^
/usr/include/c++/5/functional:1526:9: error: no type named ‘type’ in ‘class std::result_of<std::__cxx11::basic_string<char>()>’
         _M_invoke(_Index_tuple<_Indices...>)
         ^
src/subdir.mk:24: recipe for target 'src/tester.o' failed
make: *** [src/tester.o] Error 1
21:24:36 **** Incremental Build of configuration Debug for project Project2_Starter ****
make all 
make: Nothing to be done for 'all'.
21:37:20 **** Incremental Build of configuration Debug for project OsPro3_thread ****
make all 
Building file: ../src/tester.cpp
Invoking: GCC C++ Compiler
g++ -std=c++0x -O0 -g3 -Wall -c -fmessage-length=0 -MMD -MP -MF"src/tester.d" -MT"src/tester.o" -o "src/tester.o" "../src/tester.cpp"
../src/tester.cpp:12:24: error: array bound is not an integer constant before ‘]’ token
 std::thread t[numThread];
                        ^
../src/tester.cpp: In function ‘void multiPrint(std::__cxx11::string, int, WHICH_PRINT)’:
../src/tester.cpp:37:7: error: ‘wp’ cannot be used as a function
   wp(s);
       ^
../src/tester.cpp: In function ‘void joinThreads()’:
../src/tester.cpp:57:22: error: ‘t’ was not declared in this scope
  for (auto& thread : t) {
                      ^
../src/tester.cpp: At global scope:
../src/tester.cpp:62:1: error: expected declaration before ‘}’ token
 }
 ^
In file included from /usr/include/c++/5/thread:39:0,
                 from ../src/tester.cpp:9:
/usr/include/c++/5/functional: In instantiation of ‘struct std::_Bind_simple<WHICH_PRINT()>’:
/usr/include/c++/5/thread:137:59:   required from ‘std::thread::thread(_Callable&&, _Args&& ...) [with _Callable = WHICH_PRINT&; _Args = {}]’
../src/tester.cpp:31:24:   required from here
/usr/include/c++/5/functional:1505:61: error: no type named ‘type’ in ‘class std::result_of<WHICH_PRINT()>’
       typedef typename result_of<_Callable(_Args...)>::type result_type;
                                                             ^
/usr/include/c++/5/functional:1526:9: error: no type named ‘type’ in ‘class std::result_of<WHICH_PRINT()>’
         _M_invoke(_Index_tuple<_Indices...>)
         ^
make: *** [src/tester.o] Error 1
src/subdir.mk:24: recipe for target 'src/tester.o' failed
21:37:21 **** Incremental Build of configuration Debug for project Project2_Starter ****
make all 
make: Nothing to be done for 'all'.
21:37:26 **** Incremental Build of configuration Debug for project OsPro3_thread ****
make all 
Building file: ../src/tester.cpp
Invoking: GCC C++ Compiler
g++ -std=c++0x -O0 -g3 -Wall -c -fmessage-length=0 -MMD -MP -MF"src/tester.d" -MT"src/tester.o" -o "src/tester.o" "../src/tester.cpp"
../src/tester.cpp:12:24: error: array bound is not an integer constant before ‘]’ token
 std::thread t[numThread];
                        ^
../src/tester.cpp: In function ‘void multiPrint(std::__cxx11::string, int, WHICH_PRINT)’:
../src/tester.cpp:37:7: error: ‘wp’ cannot be used as a function
   wp(s);
       ^
../src/tester.cpp: In function ‘void joinThreads()’:
../src/tester.cpp:57:22: error: ‘t’ was not declared in this scope
  for (auto& thread : t) {
                      ^
../src/tester.cpp: At global scope:
../src/tester.cpp:62:1: error: expected declaration before ‘}’ token
 }
 ^
In file included from /usr/include/c++/5/thread:39:0,
                 from ../src/tester.cpp:9:
/usr/include/c++/5/functional: In instantiation of ‘struct std::_Bind_simple<WHICH_PRINT()>’:
/usr/include/c++/5/thread:137:59:   required from ‘std::thread::thread(_Callable&&, _Args&& ...) [with _Callable = WHICH_PRINT&; _Args = {}]’
../src/tester.cpp:31:24:   required from here
/usr/include/c++/5/functional:1505:61: error: no type named ‘type’ in ‘class std::result_of<WHICH_PRINT()>’
       typedef typename result_of<_Callable(_Args...)>::type result_type;
                                                             ^
/usr/include/c++/5/functional:1526:9: error: no type named ‘type’ in ‘class std::result_of<WHICH_PRINT()>’
         _M_invoke(_Index_tuple<_Indices...>)
         ^
make: *** [src/tester.o] Error 1
src/subdir.mk:24: recipe for target 'src/tester.o' failed
21:37:27 **** Incremental Build of configuration Debug for project Project2_Starter ****
make all 
make: Nothing to be done for 'all'.
21:38:01 **** Incremental Build of configuration Debug for project OsPro3_thread ****
make all 
Building file: ../src/tester.cpp
Invoking: GCC C++ Compiler
g++ -std=c++0x -O0 -g3 -Wall -c -fmessage-length=0 -MMD -MP -MF"src/tester.d" -MT"src/tester.o" -o "src/tester.o" "../src/tester.cpp"
../src/tester.cpp: In function ‘void multiPrint(std::__cxx11::string, int, WHICH_PRINT)’:
../src/tester.cpp:37:7: error: ‘wp’ cannot be used as a function
   wp(s);
       ^
../src/tester.cpp: At global scope:
../src/tester.cpp:63:1: error: expected declaration before ‘}’ token
 }
 ^
In file included from /usr/include/c++/5/thread:39:0,
                 from ../src/tester.cpp:9:
/usr/include/c++/5/functional: In instantiation of ‘struct std::_Bind_simple<WHICH_PRINT()>’:
/usr/include/c++/5/thread:137:59:   required from ‘std::thread::thread(_Callable&&, _Args&& ...) [with _Callable = WHICH_PRINT&; _Args = {}]’
../src/tester.cpp:31:24:   required from here
/usr/include/c++/5/functional:1505:61: error: no type named ‘type’ in ‘class std::result_of<WHICH_PRINT()>’
       typedef typename result_of<_Callable(_Args...)>::type result_type;
                                                             ^
/usr/include/c++/5/functional:1526:9: error: no type named ‘type’ in ‘class std::result_of<WHICH_PRINT()>’
         _M_invoke(_Index_tuple<_Indices...>)
         ^
make: *** [src/tester.o] Error 1
src/subdir.mk:24: recipe for target 'src/tester.o' failed
21:38:02 **** Incremental Build of configuration Debug for project Project2_Starter ****
make all 
make: Nothing to be done for 'all'.
21:38:31 **** Incremental Build of configuration Debug for project OsPro3_thread ****
make all 
Building file: ../src/tester.cpp
Invoking: GCC C++ Compiler
g++ -std=c++0x -O0 -g3 -Wall -c -fmessage-length=0 -MMD -MP -MF"src/tester.d" -MT"src/tester.o" -o "src/tester.o" "../src/tester.cpp"
../src/tester.cpp:12:15: error: array size missing in ‘t’
 std::thread t[];
               ^
../src/tester.cpp: In function ‘void multiPrint(std::__cxx11::string, int, WHICH_PRINT)’:
../src/tester.cpp:37:7: error: ‘wp’ cannot be used as a function
   wp(s);
       ^
../src/tester.cpp: At global scope:
../src/tester.cpp:63:1: error: expected declaration before ‘}’ token
 }
 ^
In file included from /usr/include/c++/5/thread:39:0,
                 from ../src/tester.cpp:9:
/usr/include/c++/5/functional: In instantiation of ‘struct std::_Bind_simple<WHICH_PRINT()>’:
/usr/include/c++/5/thread:137:59:   required from ‘std::thread::thread(_Callable&&, _Args&& ...) [with _Callable = WHICH_PRINT&; _Args = {}]’
../src/tester.cpp:31:24:   required from here
/usr/include/c++/5/functional:1505:61: error: no type named ‘type’ in ‘class std::result_of<WHICH_PRINT()>’
       typedef typename result_of<_Callable(_Args...)>::type result_type;
                                                             ^
/usr/include/c++/5/functional:1526:9: error: no type named ‘type’ in ‘class std::result_of<WHICH_PRINT()>’
         _M_invoke(_Index_tuple<_Indices...>)
         ^
src/subdir.mk:24: recipe for target 'src/tester.o' failed
make: *** [src/tester.o] Error 1
21:38:32 **** Incremental Build of configuration Debug for project Project2_Starter ****
make all 
make: Nothing to be done for 'all'.
21:40:07 **** Incremental Build of configuration Debug for project OsPro3_thread ****
make all 
Building file: ../src/tester.cpp
Invoking: GCC C++ Compiler
g++ -std=c++0x -O0 -g3 -Wall -c -fmessage-length=0 -MMD -MP -MF"src/tester.d" -MT"src/tester.o" -o "src/tester.o" "../src/tester.cpp"
../src/tester.cpp: In function ‘void startThreads(std::__cxx11::string, int, WHICH_PRINT, int, int)’:
../src/tester.cpp:28:33: error: storage size of ‘t’ isn’t constant
  static std::thread t[numThreads];
                                 ^
../src/tester.cpp: In function ‘void joinThreads()’:
../src/tester.cpp:57:22: error: ‘t’ was not declared in this scope
  for (auto& thread : t) {
                      ^
../src/tester.cpp: At global scope:
../src/tester.cpp:62:1: error: expected declaration before ‘}’ token
 }
 ^
src/subdir.mk:24: recipe for target 'src/tester.o' failed
make: *** [src/tester.o] Error 1
21:40:08 **** Incremental Build of configuration Debug for project Project2_Starter ****
make all 
make: Nothing to be done for 'all'.
20:47:47 **** Incremental Build of configuration Debug for project OsPro3_thread ****
make all 
Building file: ../src/tester.cpp
Invoking: GCC C++ Compiler
g++ -std=c++0x -O0 -g3 -Wall -c -fmessage-length=0 -MMD -MP -MF"src/tester.d" -MT"src/tester.o" -o "src/tester.o" "../src/tester.cpp"
Finished building: ../src/tester.cpp
 
Building target: OsPro3_thread
Invoking: GCC C++ Linker
g++  -o "OsPro3_thread"  ./src/main.o ./src/print_ts.o ./src/tester.o   
./src/tester.o: In function `std::thread::thread<void (&)(std::__cxx11::basic_string<char, std::char_traits<char>, std::allocator<char> >, WHICH_PRINT, int), std::__cxx11::basic_string<char, std::char_traits<char>, std::allocator<char> >&, WHICH_PRINT&, int&>(void (&)(std::__cxx11::basic_string<char, std::char_traits<char>, std::allocator<char> >, WHICH_PRINT, int), std::__cxx11::basic_string<char, std::char_traits<char>, std::allocator<char> >&, WHICH_PRINT&, int&)':
/usr/include/c++/5/thread:137: undefined reference to `pthread_create'
makefile:45: recipe for target 'OsPro3_thread' failed
collect2: error: ld returned 1 exit status
make: *** [OsPro3_thread] Error 1
20:47:51 **** Incremental Build of configuration Debug for project Project2_Starter ****
make all 
make: Nothing to be done for 'all'.
20:52:47 **** Incremental Build of configuration Debug for project OsPro3_thread ****
make all 
Building target: OsPro3_thread
Invoking: GCC C++ Linker
g++  -o "OsPro3_thread"  ./src/main.o ./src/print_ts.o ./src/tester.o   -lpthread
Finished building target: OsPro3_thread
 
20:52:48 **** Incremental Build of configuration Debug for project Project2_Starter ****
make all 
make: Nothing to be done for 'all'.
21:03:04 **** Incremental Build of configuration Debug for project OsPro3_thread ****
make all 
Building file: ../src/main.cpp
Invoking: GCC C++ Compiler
g++ -std=c++0x -O0 -g3 -Wall -c -fmessage-length=0 -MMD -MP -MF"src/main.d" -MT"src/main.o" -o "src/main.o" "../src/main.cpp"
../src/main.cpp: In function ‘int main()’:
../src/main.cpp:13:19: error: expected primary-expression before ‘int’
  startThreads( s, int numThreads, WHICH_PRINT wp,
                   ^
../src/main.cpp:13:47: error: expected primary-expression before ‘wp’
  startThreads( s, int numThreads, WHICH_PRINT wp,
                                               ^
../src/main.cpp:14:4: error: expected primary-expression before ‘int’
    int numTimesToPrint, int millisecond_delay)
    ^
../src/main.cpp:14:25: error: expected primary-expression before ‘int’
    int numTimesToPrint, int millisecond_delay)
                         ^
../src/main.cpp:10:6: warning: unused variable ‘numThreads’ [-Wunused-variable]
  int numThreads = 4;
      ^
../src/main.cpp:11:14: warning: unused variable ‘wp’ [-Wunused-variable]
  WHICH_PRINT wp = P3;
              ^
../src/main.cpp:12:6: warning: unused variable ‘numTimesToPrint’ [-Wunused-variable]
  int numTimesToPrint = 3;
      ^
In file included from /usr/include/c++/5/thread:39:0,
                 from ../src/tester.cpp:10,
                 from ../src/main.cpp:7:
/usr/include/c++/5/functional: In instantiation of ‘struct std::_Bind_check_arity<void (*)(std::__cxx11::basic_string<char>, WHICH_PRINT, int, int), std::__cxx11::basic_string<char, std::char_traits<char>, std::allocator<char> >&, WHICH_PRINT&, int&>’:
/usr/include/c++/5/functional:1538:12:   required from ‘struct std::_Bind_simple_helper<void (&)(std::__cxx11::basic_string<char>, WHICH_PRINT, int, int), std::__cxx11::basic_string<char, std::char_traits<char>, std::allocator<char> >&, WHICH_PRINT&, int&>’
/usr/include/c++/5/functional:1552:5:   required by substitution of ‘template<class _Callable, class ... _Args> typename std::_Bind_simple_helper<_Func, _BoundArgs>::__type std::__bind_simple(_Callable&&, _Args&& ...) [with _Callable = void (&)(std::__cxx11::basic_string<char>, WHICH_PRINT, int, int); _Args = {std::__cxx11::basic_string<char, std::char_traits<char>, std::allocator<char> >&, WHICH_PRINT&, int&}]’
/usr/include/c++/5/thread:137:59:   required from ‘std::thread::thread(_Callable&&, _Args&& ...) [with _Callable = void (&)(std::__cxx11::basic_string<char>, WHICH_PRINT, int, int); _Args = {std::__cxx11::basic_string<char, std::char_traits<char>, std::allocator<char> >&, WHICH_PRINT&, int&}]’
../src/tester.cpp:57:63:   required from here
/usr/include/c++/5/functional:1410:7: error: static assertion failed: Wrong number of arguments for function
       static_assert(sizeof...(_BoundArgs) == sizeof...(_Args),
       ^
/usr/include/c++/5/functional: In instantiation of ‘struct std::_Bind_simple<void (*(std::__cxx11::basic_string<char>, WHICH_PRINT, int))(std::__cxx11::basic_string<char>, WHICH_PRINT, int, int)>’:
/usr/include/c++/5/thread:137:59:   required from ‘std::thread::thread(_Callable&&, _Args&& ...) [with _Callable = void (&)(std::__cxx11::basic_string<char>, WHICH_PRINT, int, int); _Args = {std::__cxx11::basic_string<char, std::char_traits<char>, std::allocator<char> >&, WHICH_PRINT&, int&}]’
../src/tester.cpp:57:63:   required from here
/usr/include/c++/5/functional:1505:61: error: no type named ‘type’ in ‘class std::result_of<void (*(std::__cxx11::basic_string<char>, WHICH_PRINT, int))(std::__cxx11::basic_string<char>, WHICH_PRINT, int, int)>’
       typedef typename result_of<_Callable(_Args...)>::type result_type;
                                                             ^
/usr/include/c++/5/functional:1526:9: error: no type named ‘type’ in ‘class std::result_of<void (*(std::__cxx11::basic_string<char>, WHICH_PRINT, int))(std::__cxx11::basic_string<char>, WHICH_PRINT, int, int)>’
         _M_invoke(_Index_tuple<_Indices...>)
         ^
src/subdir.mk:24: recipe for target 'src/main.o' failed
make: *** [src/main.o] Error 1
21:03:05 **** Incremental Build of configuration Debug for project Project2_Starter ****
make all 
make: Nothing to be done for 'all'.
21:04:00 **** Incremental Build of configuration Debug for project OsPro3_thread ****
make all 
Building file: ../src/main.cpp
Invoking: GCC C++ Compiler
g++ -std=c++0x -O0 -g3 -Wall -c -fmessage-length=0 -MMD -MP -MF"src/main.d" -MT"src/main.o" -o "src/main.o" "../src/main.cpp"
../src/main.cpp: In function ‘int main()’:
../src/main.cpp:13:19: error: expected primary-expression before ‘int’
  startThreads( s, int numThreads, WHICH_PRINT wp,
                   ^
../src/main.cpp:13:47: error: expected primary-expression before ‘wp’
  startThreads( s, int numThreads, WHICH_PRINT wp,
                                               ^
../src/main.cpp:14:4: error: expected primary-expression before ‘int’
    int numTimesToPrint, int millisecond_delay)
    ^
../src/main.cpp:14:25: error: expected primary-expression before ‘int’
    int numTimesToPrint, int millisecond_delay)
                         ^
../src/main.cpp:10:6: warning: unused variable ‘numThreads’ [-Wunused-variable]
  int numThreads = 4;
      ^
../src/main.cpp:11:14: warning: unused variable ‘wp’ [-Wunused-variable]
  WHICH_PRINT wp = P3;
              ^
../src/main.cpp:12:6: warning: unused variable ‘numTimesToPrint’ [-Wunused-variable]
  int numTimesToPrint = 3;
      ^
src/subdir.mk:24: recipe for target 'src/main.o' failed
make: *** [src/main.o] Error 1
21:04:02 **** Incremental Build of configuration Debug for project Project2_Starter ****
make all 
make: Nothing to be done for 'all'.
21:04:30 **** Incremental Build of configuration Debug for project OsPro3_thread ****
make all 
Building file: ../src/main.cpp
Invoking: GCC C++ Compiler
g++ -std=c++0x -O0 -g3 -Wall -c -fmessage-length=0 -MMD -MP -MF"src/main.d" -MT"src/main.o" -o "src/main.o" "../src/main.cpp"
../src/main.cpp: In function ‘int main()’:
../src/main.cpp:13:19: error: expected primary-expression before ‘int’
  startThreads( s, int numThreads, WHICH_PRINT wp,
                   ^
../src/main.cpp:13:47: error: expected primary-expression before ‘wp’
  startThreads( s, int numThreads, WHICH_PRINT wp,
                                               ^
../src/main.cpp:14:4: error: expected primary-expression before ‘int’
    int numTimesToPrint, int millisecond_delay)
    ^
../src/main.cpp:14:25: error: expected primary-expression before ‘int’
    int numTimesToPrint, int millisecond_delay)
                         ^
../src/main.cpp:10:6: warning: unused variable ‘numThreads’ [-Wunused-variable]
  int numThreads = 4;
      ^
../src/main.cpp:11:14: warning: unused variable ‘wp’ [-Wunused-variable]
  WHICH_PRINT wp = P3;
              ^
../src/main.cpp:12:6: warning: unused variable ‘numTimesToPrint’ [-Wunused-variable]
  int numTimesToPrint = 3;
      ^
src/subdir.mk:24: recipe for target 'src/main.o' failed
make: *** [src/main.o] Error 1
21:04:31 **** Incremental Build of configuration Debug for project Project2_Starter ****
make all 
make: Nothing to be done for 'all'.
21:07:04 **** Incremental Build of configuration Debug for project OsPro3_thread ****
make all 
Building file: ../src/main.cpp
Invoking: GCC C++ Compiler
g++ -std=c++0x -O0 -g3 -Wall -c -fmessage-length=0 -MMD -MP -MF"src/main.d" -MT"src/main.o" -o "src/main.o" "../src/main.cpp"
Finished building: ../src/main.cpp
 
Building file: ../src/print_ts.cpp
Invoking: GCC C++ Compiler
g++ -std=c++0x -O0 -g3 -Wall -c -fmessage-length=0 -MMD -MP -MF"src/print_ts.d" -MT"src/print_ts.o" -o "src/print_ts.o" "../src/print_ts.cpp"
Finished building: ../src/print_ts.cpp
 
Building file: ../src/tester.cpp
Invoking: GCC C++ Compiler
g++ -std=c++0x -O0 -g3 -Wall -c -fmessage-length=0 -MMD -MP -MF"src/tester.d" -MT"src/tester.o" -o "src/tester.o" "../src/tester.cpp"
Finished building: ../src/tester.cpp
 
Building target: OsPro3_thread
Invoking: GCC C++ Linker
g++  -o "OsPro3_thread"  ./src/main.o ./src/print_ts.o ./src/tester.o   -lpthread
./src/tester.o:(.bss+0x0): multiple definition of `numThread'
makefile:45: recipe for target 'OsPro3_thread' failed
./src/main.o:(.bss+0x0): first defined here
./src/tester.o: In function `std::aligned_storage<80ul, 8ul>::aligned_storage()':
/usr/include/x86_64-linux-gnu/c++/5/bits/gthr-default.h:251: multiple definition of `isCancel'
./src/main.o:/usr/include/x86_64-linux-gnu/c++/5/bits/gthr-default.h:251: first defined here
./src/tester.o: In function `std::move_iterator<std::thread*>::base() const':
/usr/include/x86_64-linux-gnu/c++/5/bits/gthr-default.h:251: multiple definition of `v'
./src/main.o:/usr/include/x86_64-linux-gnu/c++/5/bits/gthr-default.h:251: first defined here
./src/tester.o: In function `std::_Bind_simple_helper<void (&)(std::__cxx11::basic_string<char, std::char_traits<char>, std::allocator<char> >, WHICH_PRINT, int, int), std::__cxx11::basic_string<char, std::char_traits<char>, std::allocator<char> >&, WHICH_PRINT&, int&, int&>::__type std::__bind_simple<void (&)(std::__cxx11::basic_string<char, std::char_traits<char>, std::allocator<char> >, WHICH_PRINT, int, int), std::__cxx11::basic_string<char, std::char_traits<char>, std::allocator<char> >&, WHICH_PRINT&, int&, int&>(void (&)(std::__cxx11::basic_string<char, std::char_traits<char>, std::allocator<char> >, WHICH_PRINT, int, int), std::__cxx11::basic_string<char, std::char_traits<char>, std::allocator<char> >&, WHICH_PRINT&, int&, int&)':
/home/waida/workspace/OsPro3_thread/Debug/../src/tester.cpp:17: multiple definition of `multiprint(std::__cxx11::basic_string<char, std::char_traits<char>, std::allocator<char> >, WHICH_PRINT, int, int)'
./src/main.o:/home/waida/workspace/OsPro3_thread/Debug/../src/tester.cpp:17: first defined here
./src/tester.o: In function `startThreads(std::__cxx11::basic_string<char, std::char_traits<char>, std::allocator<char> >, int, WHICH_PRINT, int, int)':
/home/waida/workspace/OsPro3_thread/Debug/../src/tester.cpp:54: multiple definition of `startThreads(std::__cxx11::basic_string<char, std::char_traits<char>, std::allocator<char> >, int, WHICH_PRINT, int, int)'
./src/main.o:/home/waida/workspace/OsPro3_thread/Debug/../src/tester.cpp:54: first defined here
./src/tester.o: In function `setCancelThreads(bool)':
/home/waida/workspace/OsPro3_thread/Debug/../src/tester.cpp:66: multiple definition of `setCancelThreads(bool)'
./src/main.o:/home/waida/workspace/OsPro3_thread/Debug/../src/tester.cpp:66: first defined here
./src/tester.o: In function `joinThreads()':
/home/waida/workspace/OsPro3_thread/Debug/../src/tester.cpp:79: multiple definition of `joinThreads()'
./src/main.o:/home/waida/workspace/OsPro3_thread/Debug/../src/tester.cpp:79: first defined here
collect2: error: ld returned 1 exit status
make: *** [OsPro3_thread] Error 1
21:07:07 **** Incremental Build of configuration Debug for project Project2_Starter ****
make all 
make: Nothing to be done for 'all'.
21:10:30 **** Incremental Build of configuration Debug for project OsPro3_thread ****
make all 
Building file: ../src/main.cpp
Invoking: GCC C++ Compiler
g++ -std=c++0x -O0 -g3 -Wall -c -fmessage-length=0 -MMD -MP -MF"src/main.d" -MT"src/main.o" -o "src/main.o" "../src/main.cpp"
Finished building: ../src/main.cpp
 
Building file: ../src/tester.cpp
Invoking: GCC C++ Compiler
g++ -std=c++0x -O0 -g3 -Wall -c -fmessage-length=0 -MMD -MP -MF"src/tester.d" -MT"src/tester.o" -o "src/tester.o" "../src/tester.cpp"
Finished building: ../src/tester.cpp
 
Building target: OsPro3_thread
Invoking: GCC C++ Linker
g++  -o "OsPro3_thread"  ./src/main.o ./src/print_ts.o ./src/tester.o   -lpthread
./src/tester.o:(.bss+0x0): multiple definition of `numThread'
./src/main.o:(.bss+0x0): first defined here
./src/tester.o: In function `std::aligned_storage<80ul, 8ul>::aligned_storage()':
/usr/include/x86_64-linux-gnu/c++/5/bits/gthr-default.h:251: multiple definition of `isCancel'
makefile:45: recipe for target 'OsPro3_thread' failed
./src/main.o:/usr/include/x86_64-linux-gnu/c++/5/bits/gthr-default.h:251: first defined here
./src/tester.o: In function `std::move_iterator<std::thread*>::base() const':
/usr/include/x86_64-linux-gnu/c++/5/bits/gthr-default.h:251: multiple definition of `v'
./src/main.o:/usr/include/x86_64-linux-gnu/c++/5/bits/gthr-default.h:251: first defined here
./src/tester.o: In function `std::_Bind_simple_helper<void (&)(std::__cxx11::basic_string<char, std::char_traits<char>, std::allocator<char> >, WHICH_PRINT, int, int), std::__cxx11::basic_string<char, std::char_traits<char>, std::allocator<char> >&, WHICH_PRINT&, int&, int&>::__type std::__bind_simple<void (&)(std::__cxx11::basic_string<char, std::char_traits<char>, std::allocator<char> >, WHICH_PRINT, int, int), std::__cxx11::basic_string<char, std::char_traits<char>, std::allocator<char> >&, WHICH_PRINT&, int&, int&>(void (&)(std::__cxx11::basic_string<char, std::char_traits<char>, std::allocator<char> >, WHICH_PRINT, int, int), std::__cxx11::basic_string<char, std::char_traits<char>, std::allocator<char> >&, WHICH_PRINT&, int&, int&)':
/home/waida/workspace/OsPro3_thread/Debug/../src/tester.cpp:17: multiple definition of `multiprint(std::__cxx11::basic_string<char, std::char_traits<char>, std::allocator<char> >, WHICH_PRINT, int, int)'
./src/main.o:/home/waida/workspace/OsPro3_thread/Debug/../src/tester.cpp:17: first defined here
./src/tester.o: In function `startThreads(std::__cxx11::basic_string<char, std::char_traits<char>, std::allocator<char> >, int, WHICH_PRINT, int, int)':
/home/waida/workspace/OsPro3_thread/Debug/../src/tester.cpp:54: multiple definition of `startThreads(std::__cxx11::basic_string<char, std::char_traits<char>, std::allocator<char> >, int, WHICH_PRINT, int, int)'
./src/main.o:/home/waida/workspace/OsPro3_thread/Debug/../src/tester.cpp:54: first defined here
./src/tester.o: In function `setCancelThreads(bool)':
/home/waida/workspace/OsPro3_thread/Debug/../src/tester.cpp:66: multiple definition of `setCancelThreads(bool)'
./src/main.o:/home/waida/workspace/OsPro3_thread/Debug/../src/tester.cpp:66: first defined here
./src/tester.o: In function `joinThreads()':
/home/waida/workspace/OsPro3_thread/Debug/../src/tester.cpp:78: multiple definition of `joinThreads()'
./src/main.o:/home/waida/workspace/OsPro3_thread/Debug/../src/tester.cpp:78: first defined here
collect2: error: ld returned 1 exit status
make: *** [OsPro3_thread] Error 1
21:10:32 **** Incremental Build of configuration Debug for project Project2_Starter ****
make all 
make: Nothing to be done for 'all'.
21:20:05 **** Incremental Build of configuration Debug for project OsPro3_thread ****
make all 
Building file: ../src/main.cpp
Invoking: GCC C++ Compiler
g++ -std=c++0x -O0 -g3 -Wall -c -fmessage-length=0 -MMD -MP -MF"src/main.d" -MT"src/main.o" -o "src/main.o" "../src/main.cpp"
Finished building: ../src/main.cpp
 
Building file: ../src/tester.cpp
Invoking: GCC C++ Compiler
g++ -std=c++0x -O0 -g3 -Wall -c -fmessage-length=0 -MMD -MP -MF"src/tester.d" -MT"src/tester.o" -o "src/tester.o" "../src/tester.cpp"
../src/tester.cpp: In function ‘void startThreads(std::__cxx11::string, int, WHICH_PRINT, int, int)’:
../src/tester.cpp:57:86: error: no matching function for call to ‘std::vector<std::thread>::push_back(std::thread*)’
     v.push_back(new std::thread(multiprint, s, wp, numTimesToPrint,millisecond_delay));
                                                                                      ^
In file included from /usr/include/c++/5/vector:64:0,
                 from ../src/tester.cpp:11:
/usr/include/c++/5/bits/stl_vector.h:913:7: note: candidate: void std::vector<_Tp, _Alloc>::push_back(const value_type&) [with _Tp = std::thread; _Alloc = std::allocator<std::thread>; std::vector<_Tp, _Alloc>::value_type = std::thread]
       push_back(const value_type& __x)
       ^
/usr/include/c++/5/bits/stl_vector.h:913:7: note:   no known conversion for argument 1 from ‘std::thread*’ to ‘const value_type& {aka const std::thread&}’
/usr/include/c++/5/bits/stl_vector.h:931:7: note: candidate: void std::vector<_Tp, _Alloc>::push_back(std::vector<_Tp, _Alloc>::value_type&&) [with _Tp = std::thread; _Alloc = std::allocator<std::thread>; std::vector<_Tp, _Alloc>::value_type = std::thread]
       push_back(value_type&& __x)
       ^
/usr/include/c++/5/bits/stl_vector.h:931:7: note:   no known conversion for argument 1 from ‘std::thread*’ to ‘std::vector<std::thread>::value_type&& {aka std::thread&&}’
make: *** [src/tester.o] Error 1
src/subdir.mk:24: recipe for target 'src/tester.o' failed
21:20:06 **** Incremental Build of configuration Debug for project Project2_Starter ****
make all 
make: Nothing to be done for 'all'.
21:20:36 **** Incremental Build of configuration Debug for project OsPro3_thread ****
make all 
Building file: ../src/tester.cpp
Invoking: GCC C++ Compiler
g++ -std=c++0x -O0 -g3 -Wall -c -fmessage-length=0 -MMD -MP -MF"src/tester.d" -MT"src/tester.o" -o "src/tester.o" "../src/tester.cpp"
Finished building: ../src/tester.cpp
 
Building target: OsPro3_thread
Invoking: GCC C++ Linker
g++  -o "OsPro3_thread"  ./src/main.o ./src/print_ts.o ./src/tester.o   -lpthread
Finished building target: OsPro3_thread
 
21:20:38 **** Incremental Build of configuration Debug for project Project2_Starter ****
make all 
make: Nothing to be done for 'all'.
21:21:00 **** Incremental Build of configuration Debug for project OsPro3_thread ****
make all 
make: Nothing to be done for 'all'.
21:24:41 **** Incremental Build of configuration Debug for project OsPro3_thread ****
make all 
Building file: ../src/main.cpp
Invoking: GCC C++ Compiler
g++ -std=c++0x -O0 -g3 -Wall -c -fmessage-length=0 -MMD -MP -MF"src/main.d" -MT"src/main.o" -o "src/main.o" "../src/main.cpp"
Finished building: ../src/main.cpp
 
Building target: OsPro3_thread
Invoking: GCC C++ Linker
g++  -o "OsPro3_thread"  ./src/main.o ./src/print_ts.o ./src/tester.o   -lpthread
Finished building target: OsPro3_thread
 
21:28:43 **** Incremental Build of configuration Debug for project OsPro3_thread ****
make all 
Building file: ../src/print_ts.cpp
Invoking: GCC C++ Compiler
g++ -std=c++0x -O0 -g3 -Wall -c -fmessage-length=0 -MMD -MP -MF"src/print_ts.d" -MT"src/print_ts.o" -o "src/print_ts.o" "../src/print_ts.cpp"
Finished building: ../src/print_ts.cpp
 
Building target: OsPro3_thread
Invoking: GCC C++ Linker
g++  -o "OsPro3_thread"  ./src/main.o ./src/print_ts.o ./src/tester.o   -lpthread
Finished building target: OsPro3_thread
 
21:28:44 **** Incremental Build of configuration Debug for project Project2_Starter ****
make all 
make: Nothing to be done for 'all'.
21:28:50 **** Incremental Build of configuration Debug for project OsPro3_thread ****
make all 
make: Nothing to be done for 'all'.
21:29:49 **** Incremental Build of configuration Debug for project OsPro3_thread ****
make all 
Building file: ../src/print_ts.cpp
Invoking: GCC C++ Compiler
g++ -std=c++0x -O0 -g3 -Wall -c -fmessage-length=0 -MMD -MP -MF"src/print_ts.d" -MT"src/print_ts.o" -o "src/print_ts.o" "../src/print_ts.cpp"
Finished building: ../src/print_ts.cpp
 
Building target: OsPro3_thread
Invoking: GCC C++ Linker
g++  -o "OsPro3_thread"  ./src/main.o ./src/print_ts.o ./src/tester.o   -lpthread
Finished building target: OsPro3_thread
 
21:29:50 **** Incremental Build of configuration Debug for project Project2_Starter ****
make all 
make: Nothing to be done for 'all'.
21:29:53 **** Incremental Build of configuration Debug for project OsPro3_thread ****
make all 
make: Nothing to be done for 'all'.
21:35:48 **** Incremental Build of configuration Debug for project OsPro3_thread ****
make all 
Building file: ../src/main.cpp
Invoking: GCC C++ Compiler
g++ -std=c++0x -O0 -g3 -Wall -c -fmessage-length=0 -MMD -MP -MF"src/main.d" -MT"src/main.o" -o "src/main.o" "../src/main.cpp"
Finished building: ../src/main.cpp
 
Building file: ../src/tester.cpp
Invoking: GCC C++ Compiler
g++ -std=c++0x -O0 -g3 -Wall -c -fmessage-length=0 -MMD -MP -MF"src/tester.d" -MT"src/tester.o" -o "src/tester.o" "../src/tester.cpp"
../src/tester.cpp: In function ‘void setCancelThreads(bool)’:
../src/tester.cpp:68:3: error: ‘cout’ was not declared in this scope
   cout<<USER_CHOSE_TO_CANCEL<<endl;
   ^
../src/tester.cpp:68:31: error: ‘endl’ was not declared in this scope
   cout<<USER_CHOSE_TO_CANCEL<<endl;
                               ^
make: *** [src/tester.o] Error 1
src/subdir.mk:24: recipe for target 'src/tester.o' failed
21:36:20 **** Incremental Build of configuration Debug for project OsPro3_thread ****
make all 
Building file: ../src/tester.cpp
Invoking: GCC C++ Compiler
g++ -std=c++0x -O0 -g3 -Wall -c -fmessage-length=0 -MMD -MP -MF"src/tester.d" -MT"src/tester.o" -o "src/tester.o" "../src/tester.cpp"
Finished building: ../src/tester.cpp
 
Building target: OsPro3_thread
Invoking: GCC C++ Linker
g++  -o "OsPro3_thread"  ./src/main.o ./src/print_ts.o ./src/tester.o   -lpthread
Finished building target: OsPro3_thread
 
21:36:22 **** Incremental Build of configuration Debug for project Project2_Starter ****
make all 
make: Nothing to be done for 'all'.
21:36:26 **** Incremental Build of configuration Debug for project OsPro3_thread ****
make all 
make: Nothing to be done for 'all'.
21:36:55 **** Incremental Build of configuration Debug for project OsPro3_thread ****
make all 
Building file: ../src/print_ts.cpp
Invoking: GCC C++ Compiler
g++ -std=c++0x -O0 -g3 -Wall -c -fmessage-length=0 -MMD -MP -MF"src/print_ts.d" -MT"src/print_ts.o" -o "src/print_ts.o" "../src/print_ts.cpp"
Finished building: ../src/print_ts.cpp
 
Building target: OsPro3_thread
Invoking: GCC C++ Linker
g++  -o "OsPro3_thread"  ./src/main.o ./src/print_ts.o ./src/tester.o   -lpthread
Finished building target: OsPro3_thread
 
21:36:56 **** Incremental Build of configuration Debug for project Project2_Starter ****
make all 
make: Nothing to be done for 'all'.
21:37:00 **** Incremental Build of configuration Debug for project OsPro3_thread ****
make all 
make: Nothing to be done for 'all'.
21:38:00 **** Incremental Build of configuration Debug for project OsPro3_thread ****
make all 
Building file: ../src/print_ts.cpp
Invoking: GCC C++ Compiler
g++ -std=c++0x -O0 -g3 -Wall -c -fmessage-length=0 -MMD -MP -MF"src/print_ts.d" -MT"src/print_ts.o" -o "src/print_ts.o" "../src/print_ts.cpp"
../src/print_ts.cpp: In function ‘void PRINT1(std::__cxx11::string&)’:
../src/print_ts.cpp:15:13: error: ‘count’ was not declared in this scope
  cout<<txt<<count<<endl;
             ^
make: *** [src/print_ts.o] Error 1
src/subdir.mk:24: recipe for target 'src/print_ts.o' failed
21:38:01 **** Incremental Build of configuration Debug for project Project2_Starter ****
make all 
make: Nothing to be done for 'all'.
21:38:10 **** Incremental Build of configuration Debug for project OsPro3_thread ****
make all 
Building file: ../src/print_ts.cpp
Invoking: GCC C++ Compiler
g++ -std=c++0x -O0 -g3 -Wall -c -fmessage-length=0 -MMD -MP -MF"src/print_ts.d" -MT"src/print_ts.o" -o "src/print_ts.o" "../src/print_ts.cpp"
Finished building: ../src/print_ts.cpp
 
Building target: OsPro3_thread
Invoking: GCC C++ Linker
g++  -o "OsPro3_thread"  ./src/main.o ./src/print_ts.o ./src/tester.o   -lpthread
Finished building target: OsPro3_thread
 
21:38:11 **** Incremental Build of configuration Debug for project Project2_Starter ****
make all 
make: Nothing to be done for 'all'.
21:38:16 **** Incremental Build of configuration Debug for project OsPro3_thread ****
make all 
make: Nothing to be done for 'all'.
21:39:31 **** Incremental Build of configuration Debug for project OsPro3_thread ****
make all 
make: Nothing to be done for 'all'.
22:02:46 **** Incremental Build of configuration Debug for project OsPro3_thread ****
make all 
Building file: ../src/main.cpp
Invoking: GCC C++ Compiler
g++ -std=c++0x -O0 -g3 -Wall -c -fmessage-length=0 -MMD -MP -MF"src/main.d" -MT"src/main.o" -o "src/main.o" "../src/main.cpp"
../src/main.cpp: In function ‘int main()’:
../src/main.cpp:17:7: error: ‘std::this_thread’ has not been declared
  std::this_thread::sleep_for(std::chrono::milliseconds(90000));
       ^
../src/main.cpp:17:35: error: ‘std::chrono’ has not been declared
  std::this_thread::sleep_for(std::chrono::milliseconds(90000));
                                   ^
../src/main.cpp:19:2: error: ‘cout’ was not declared in this scope
  cout << "All threads done!" << endl;
  ^
../src/main.cpp:19:33: error: ‘endl’ was not declared in this scope
  cout << "All threads done!" << endl;
                                 ^
make: *** [src/main.o] Error 1
src/subdir.mk:24: recipe for target 'src/main.o' failed
22:02:47 **** Incremental Build of configuration Debug for project Project2_Starter ****
make all 
make: Nothing to be done for 'all'.
22:03:11 **** Incremental Build of configuration Debug for project OsPro3_thread ****
make all 
Building file: ../src/main.cpp
Invoking: GCC C++ Compiler
g++ -std=c++0x -O0 -g3 -Wall -c -fmessage-length=0 -MMD -MP -MF"src/main.d" -MT"src/main.o" -o "src/main.o" "../src/main.cpp"
../src/main.cpp: In function ‘int main()’:
../src/main.cpp:18:7: error: ‘std::this_thread’ has not been declared
  std::this_thread::sleep_for(std::chrono::milliseconds(90000));
       ^
../src/main.cpp:20:2: error: ‘cout’ was not declared in this scope
  cout << "All threads done!" << endl;
  ^
../src/main.cpp:20:33: error: ‘endl’ was not declared in this scope
  cout << "All threads done!" << endl;
                                 ^
make: *** [src/main.o] Error 1
src/subdir.mk:24: recipe for target 'src/main.o' failed
22:03:12 **** Incremental Build of configuration Debug for project Project2_Starter ****
make all 
make: Nothing to be done for 'all'.
22:03:37 **** Incremental Build of configuration Debug for project OsPro3_thread ****
make all 
Building file: ../src/main.cpp
Invoking: GCC C++ Compiler
g++ -std=c++0x -O0 -g3 -Wall -c -fmessage-length=0 -MMD -MP -MF"src/main.d" -MT"src/main.o" -o "src/main.o" "../src/main.cpp"
../src/main.cpp: In function ‘int main()’:
../src/main.cpp:21:2: error: ‘cout’ was not declared in this scope
  cout << "All threads done!" << endl;
  ^
../src/main.cpp:21:33: error: ‘endl’ was not declared in this scope
  cout << "All threads done!" << endl;
                                 ^
src/subdir.mk:24: recipe for target 'src/main.o' failed
make: *** [src/main.o] Error 1
22:03:38 **** Incremental Build of configuration Debug for project Project2_Starter ****
make all 
make: Nothing to be done for 'all'.
22:03:51 **** Incremental Build of configuration Debug for project OsPro3_thread ****
make all 
Building file: ../src/main.cpp
Invoking: GCC C++ Compiler
g++ -std=c++0x -O0 -g3 -Wall -c -fmessage-length=0 -MMD -MP -MF"src/main.d" -MT"src/main.o" -o "src/main.o" "../src/main.cpp"
Finished building: ../src/main.cpp
 
Building file: ../src/tester.cpp
Invoking: GCC C++ Compiler
g++ -std=c++0x -O0 -g3 -Wall -c -fmessage-length=0 -MMD -MP -MF"src/tester.d" -MT"src/tester.o" -o "src/tester.o" "../src/tester.cpp"
Finished building: ../src/tester.cpp
 
Building target: OsPro3_thread
Invoking: GCC C++ Linker
g++  -o "OsPro3_thread"  ./src/main.o ./src/print_ts.o ./src/tester.o   -lpthread
Finished building target: OsPro3_thread
 
22:03:54 **** Incremental Build of configuration Debug for project Project2_Starter ****
make all 
make: Nothing to be done for 'all'.
22:03:56 **** Incremental Build of configuration Debug for project OsPro3_thread ****
make all 
make: Nothing to be done for 'all'.
22:05:47 **** Incremental Build of configuration Debug for project OsPro3_thread ****
make all 
Building file: ../src/tester.cpp
Invoking: GCC C++ Compiler
g++ -std=c++0x -O0 -g3 -Wall -c -fmessage-length=0 -MMD -MP -MF"src/tester.d" -MT"src/tester.o" -o "src/tester.o" "../src/tester.cpp"
Finished building: ../src/tester.cpp
 
Building target: OsPro3_thread
Invoking: GCC C++ Linker
g++  -o "OsPro3_thread"  ./src/main.o ./src/print_ts.o ./src/tester.o   -lpthread
Finished building target: OsPro3_thread
 
22:05:49 **** Incremental Build of configuration Debug for project Project2_Starter ****
make all 
make: Nothing to be done for 'all'.
22:05:51 **** Incremental Build of configuration Debug for project OsPro3_thread ****
make all 
make: Nothing to be done for 'all'.
22:06:39 **** Incremental Build of configuration Debug for project OsPro3_thread ****
make all 
Building file: ../src/main.cpp
Invoking: GCC C++ Compiler
g++ -std=c++0x -O0 -g3 -Wall -c -fmessage-length=0 -MMD -MP -MF"src/main.d" -MT"src/main.o" -o "src/main.o" "../src/main.cpp"
Finished building: ../src/main.cpp
 
Building target: OsPro3_thread
Invoking: GCC C++ Linker
g++  -o "OsPro3_thread"  ./src/main.o ./src/print_ts.o ./src/tester.o   -lpthread
Finished building target: OsPro3_thread
 
22:07:58 **** Incremental Build of configuration Debug for project OsPro3_thread ****
make all 
Building file: ../src/main.cpp
Invoking: GCC C++ Compiler
g++ -std=c++0x -O0 -g3 -Wall -c -fmessage-length=0 -MMD -MP -MF"src/main.d" -MT"src/main.o" -o "src/main.o" "../src/main.cpp"
Finished building: ../src/main.cpp
 
Building target: OsPro3_thread
Invoking: GCC C++ Linker
g++  -o "OsPro3_thread"  ./src/main.o ./src/print_ts.o ./src/tester.o   -lpthread
Finished building target: OsPro3_thread
 
22:09:18 **** Incremental Build of configuration Debug for project OsPro3_thread ****
make all 
Building file: ../src/main.cpp
Invoking: GCC C++ Compiler
g++ -std=c++0x -O0 -g3 -Wall -c -fmessage-length=0 -MMD -MP -MF"src/main.d" -MT"src/main.o" -o "src/main.o" "../src/main.cpp"
Finished building: ../src/main.cpp
 
Building target: OsPro3_thread
Invoking: GCC C++ Linker
g++  -o "OsPro3_thread"  ./src/main.o ./src/print_ts.o ./src/tester.o   -lpthread
Finished building target: OsPro3_thread
 
22:10:14 **** Incremental Build of configuration Debug for project OsPro3_thread ****
make all 
Building file: ../src/main.cpp
Invoking: GCC C++ Compiler
g++ -std=c++0x -O0 -g3 -Wall -c -fmessage-length=0 -MMD -MP -MF"src/main.d" -MT"src/main.o" -o "src/main.o" "../src/main.cpp"
Finished building: ../src/main.cpp
 
Building target: OsPro3_thread
Invoking: GCC C++ Linker
g++  -o "OsPro3_thread"  ./src/main.o ./src/print_ts.o ./src/tester.o   -lpthread
Finished building target: OsPro3_thread
 
22:10:51 **** Incremental Build of configuration Debug for project OsPro3_thread ****
make all 
Building file: ../src/main.cpp
Invoking: GCC C++ Compiler
g++ -std=c++0x -O0 -g3 -Wall -c -fmessage-length=0 -MMD -MP -MF"src/main.d" -MT"src/main.o" -o "src/main.o" "../src/main.cpp"
Finished building: ../src/main.cpp
 
Building target: OsPro3_thread
Invoking: GCC C++ Linker
g++  -o "OsPro3_thread"  ./src/main.o ./src/print_ts.o ./src/tester.o   -lpthread
Finished building target: OsPro3_thread
 
22:12:04 **** Incremental Build of configuration Debug for project OsPro3_thread ****
make all 
Building file: ../src/tester.cpp
Invoking: GCC C++ Compiler
g++ -std=c++0x -O0 -g3 -Wall -c -fmessage-length=0 -MMD -MP -MF"src/tester.d" -MT"src/tester.o" -o "src/tester.o" "../src/tester.cpp"
Finished building: ../src/tester.cpp
 
Building target: OsPro3_thread
Invoking: GCC C++ Linker
g++  -o "OsPro3_thread"  ./src/main.o ./src/print_ts.o ./src/tester.o   -lpthread
Finished building target: OsPro3_thread
 
22:13:10 **** Incremental Build of configuration Debug for project OsPro3_thread ****
make all 
Building file: ../src/main.cpp
Invoking: GCC C++ Compiler
g++ -std=c++0x -O0 -g3 -Wall -c -fmessage-length=0 -MMD -MP -MF"src/main.d" -MT"src/main.o" -o "src/main.o" "../src/main.cpp"
Finished building: ../src/main.cpp
 
Building target: OsPro3_thread
Invoking: GCC C++ Linker
g++  -o "OsPro3_thread"  ./src/main.o ./src/print_ts.o ./src/tester.o   -lpthread
Finished building target: OsPro3_thread
 
22:14:07 **** Incremental Build of configuration Debug for project OsPro3_thread ****
make all 
Building file: ../src/main.cpp
Invoking: GCC C++ Compiler
g++ -std=c++0x -O0 -g3 -Wall -c -fmessage-length=0 -MMD -MP -MF"src/main.d" -MT"src/main.o" -o "src/main.o" "../src/main.cpp"
Finished building: ../src/main.cpp
 
Building target: OsPro3_thread
Invoking: GCC C++ Linker
g++  -o "OsPro3_thread"  ./src/main.o ./src/print_ts.o ./src/tester.o   -lpthread
Finished building target: OsPro3_thread
 
22:14:19 **** Incremental Build of configuration Debug for project OsPro3_thread ****
make all 
Building file: ../src/main.cpp
Invoking: GCC C++ Compiler
g++ -std=c++0x -O0 -g3 -Wall -c -fmessage-length=0 -MMD -MP -MF"src/main.d" -MT"src/main.o" -o "src/main.o" "../src/main.cpp"
Finished building: ../src/main.cpp
 
Building target: OsPro3_thread
Invoking: GCC C++ Linker
g++  -o "OsPro3_thread"  ./src/main.o ./src/print_ts.o ./src/tester.o   -lpthread
Finished building target: OsPro3_thread
 
22:14:38 **** Incremental Build of configuration Debug for project OsPro3_thread ****
make all 
Building file: ../src/main.cpp
Invoking: GCC C++ Compiler
g++ -std=c++0x -O0 -g3 -Wall -c -fmessage-length=0 -MMD -MP -MF"src/main.d" -MT"src/main.o" -o "src/main.o" "../src/main.cpp"
Finished building: ../src/main.cpp
 
Building target: OsPro3_thread
Invoking: GCC C++ Linker
g++  -o "OsPro3_thread"  ./src/main.o ./src/print_ts.o ./src/tester.o   -lpthread
Finished building target: OsPro3_thread
 
10:58:14 **** Incremental Build of configuration Debug for project OsPro3_thread ****
make all 
Building file: ../src/tester.cpp
Invoking: GCC C++ Compiler
g++ -std=c++0x -O0 -g3 -Wall -c -fmessage-length=0 -MMD -MP -MF"src/tester.d" -MT"src/tester.o" -o "src/tester.o" "../src/tester.cpp"
Finished building: ../src/tester.cpp
 
Building target: OsPro3_thread
Invoking: GCC C++ Linker
g++  -o "OsPro3_thread"  ./src/main.o ./src/print_ts.o ./src/tester.o   -lpthread
Finished building target: OsPro3_thread
 
10:58:50 **** Incremental Build of configuration Debug for project OsPro3_thread ****
make all 
Building file: ../src/main.cpp
Invoking: GCC C++ Compiler
g++ -std=c++0x -O0 -g3 -Wall -c -fmessage-length=0 -MMD -MP -MF"src/main.d" -MT"src/main.o" -o "src/main.o" "../src/main.cpp"
Finished building: ../src/main.cpp
 
Building target: OsPro3_thread
Invoking: GCC C++ Linker
g++  -o "OsPro3_thread"  ./src/main.o ./src/print_ts.o ./src/tester.o   -lpthread
Finished building target: OsPro3_thread
 
10:59:12 **** Incremental Build of configuration Debug for project OsPro3_thread ****
make all 
Building file: ../src/main.cpp
Invoking: GCC C++ Compiler
g++ -std=c++0x -O0 -g3 -Wall -c -fmessage-length=0 -MMD -MP -MF"src/main.d" -MT"src/main.o" -o "src/main.o" "../src/main.cpp"
Finished building: ../src/main.cpp
 
Building target: OsPro3_thread
Invoking: GCC C++ Linker
g++  -o "OsPro3_thread"  ./src/main.o ./src/print_ts.o ./src/tester.o   -lpthread
Finished building target: OsPro3_thread
 
11:02:17 **** Incremental Build of configuration Debug for project OsPro3_thread ****
make all 
Building file: ../src/main.cpp
Invoking: GCC C++ Compiler
g++ -std=c++0x -O0 -g3 -Wall -c -fmessage-length=0 -MMD -MP -MF"src/main.d" -MT"src/main.o" -o "src/main.o" "../src/main.cpp"
Finished building: ../src/main.cpp
 
Building target: OsPro3_thread
Invoking: GCC C++ Linker
g++  -o "OsPro3_thread"  ./src/main.o ./src/print_ts.o ./src/tester.o   -lpthread
Finished building target: OsPro3_thread
 
11:02:37 **** Incremental Build of configuration Debug for project OsPro3_thread ****
make all 
Building file: ../src/main.cpp
Invoking: GCC C++ Compiler
g++ -std=c++0x -O0 -g3 -Wall -c -fmessage-length=0 -MMD -MP -MF"src/main.d" -MT"src/main.o" -o "src/main.o" "../src/main.cpp"
Finished building: ../src/main.cpp
 
Building target: OsPro3_thread
Invoking: GCC C++ Linker
g++  -o "OsPro3_thread"  ./src/main.o ./src/print_ts.o ./src/tester.o   -lpthread
Finished building target: OsPro3_thread
 
11:04:42 **** Incremental Build of configuration Debug for project OsPro3_thread ****
make all 
Building file: ../src/tester.cpp
Invoking: GCC C++ Compiler
g++ -std=c++0x -O0 -g3 -Wall -c -fmessage-length=0 -MMD -MP -MF"src/tester.d" -MT"src/tester.o" -o "src/tester.o" "../src/tester.cpp"
Finished building: ../src/tester.cpp
 
Building target: OsPro3_thread
Invoking: GCC C++ Linker
g++  -o "OsPro3_thread"  ./src/main.o ./src/print_ts.o ./src/tester.o   -lpthread
Finished building target: OsPro3_thread
 
11:34:06 **** Incremental Build of configuration Debug for project OsPro3_thread ****
make all 
Building file: ../src/tester.cpp
Invoking: GCC C++ Compiler
g++ -std=c++0x -O0 -g3 -Wall -c -fmessage-length=0 -MMD -MP -MF"src/tester.d" -MT"src/tester.o" -o "src/tester.o" "../src/tester.cpp"
Finished building: ../src/tester.cpp
 
Building target: OsPro3_thread
Invoking: GCC C++ Linker
g++  -o "OsPro3_thread"  ./src/main.o ./src/print_ts.o ./src/tester.o   -lpthread
Finished building target: OsPro3_thread
 
11:37:45 **** Incremental Build of configuration Debug for project OsPro3_thread ****
make all 
Building file: ../src/tester.cpp
Invoking: GCC C++ Compiler
g++ -std=c++0x -O0 -g3 -Wall -c -fmessage-length=0 -MMD -MP -MF"src/tester.d" -MT"src/tester.o" -o "src/tester.o" "../src/tester.cpp"
Finished building: ../src/tester.cpp
 
Building target: OsPro3_thread
Invoking: GCC C++ Linker
g++  -o "OsPro3_thread"  ./src/main.o ./src/print_ts.o ./src/tester.o   -lpthread
Finished building target: OsPro3_thread
 
11:44:20 **** Incremental Build of configuration Debug for project OsPro3_thread ****
make all 
Building file: ../src/main.cpp
Invoking: GCC C++ Compiler
g++ -std=c++0x -O0 -g3 -Wall -c -fmessage-length=0 -MMD -MP -MF"src/main.d" -MT"src/main.o" -o "src/main.o" "../src/main.cpp"
Finished building: ../src/main.cpp
 
Building file: ../src/tester.cpp
Invoking: GCC C++ Compiler
g++ -std=c++0x -O0 -g3 -Wall -c -fmessage-length=0 -MMD -MP -MF"src/tester.d" -MT"src/tester.o" -o "src/tester.o" "../src/tester.cpp"
Finished building: ../src/tester.cpp
 
Building target: OsPro3_thread
Invoking: GCC C++ Linker
g++  -o "OsPro3_thread"  ./src/main.o ./src/print_ts.o ./src/tester.o   -lpthread
Finished building target: OsPro3_thread
 
11:44:34 **** Incremental Build of configuration Debug for project OsPro3_thread ****
make all 
make: Nothing to be done for 'all'.
12:07:26 **** Incremental Build of configuration Debug for project OsPro3_thread ****
make all 
Building file: ../src/tester.cpp
Invoking: GCC C++ Compiler
g++ -std=c++0x -O0 -g3 -Wall -c -fmessage-length=0 -MMD -MP -MF"src/tester.d" -MT"src/tester.o" -o "src/tester.o" "../src/tester.cpp"
../src/tester.cpp:55:1: error: expected declaration before ‘}’ token
 }
 ^
src/subdir.mk:24: recipe for target 'src/tester.o' failed
make: *** [src/tester.o] Error 1
12:07:27 **** Incremental Build of configuration Debug for project Project2_Starter ****
make all 
make: Nothing to be done for 'all'.
12:08:02 **** Incremental Build of configuration Debug for project OsPro3_thread ****
make all 
Building file: ../src/tester.cpp
Invoking: GCC C++ Compiler
g++ -std=c++0x -O0 -g3 -Wall -c -fmessage-length=0 -MMD -MP -MF"src/tester.d" -MT"src/tester.o" -o "src/tester.o" "../src/tester.cpp"
In file included from /usr/include/c++/5/thread:39:0,
                 from ../src/tester.cpp:10:
/usr/include/c++/5/functional: In instantiation of ‘struct std::_Bind_check_arity<void (*)(std::__cxx11::basic_string<char>, WHICH_PRINT, int, int, int), std::__cxx11::basic_string<char, std::char_traits<char>, std::allocator<char> >&, WHICH_PRINT&, int&, int&>’:
/usr/include/c++/5/functional:1538:12:   required from ‘struct std::_Bind_simple_helper<void (&)(std::__cxx11::basic_string<char>, WHICH_PRINT, int, int, int), std::__cxx11::basic_string<char, std::char_traits<char>, std::allocator<char> >&, WHICH_PRINT&, int&, int&>’
/usr/include/c++/5/functional:1552:5:   required by substitution of ‘template<class _Callable, class ... _Args> typename std::_Bind_simple_helper<_Func, _BoundArgs>::__type std::__bind_simple(_Callable&&, _Args&& ...) [with _Callable = void (&)(std::__cxx11::basic_string<char>, WHICH_PRINT, int, int, int); _Args = {std::__cxx11::basic_string<char, std::char_traits<char>, std::allocator<char> >&, WHICH_PRINT&, int&, int&}]’
/usr/include/c++/5/thread:137:59:   required from ‘std::thread::thread(_Callable&&, _Args&& ...) [with _Callable = void (&)(std::__cxx11::basic_string<char>, WHICH_PRINT, int, int, int); _Args = {std::__cxx11::basic_string<char, std::char_traits<char>, std::allocator<char> >&, WHICH_PRINT&, int&, int&}]’
../src/tester.cpp:74:24:   required from here
/usr/include/c++/5/functional:1410:7: error: static assertion failed: Wrong number of arguments for function
       static_assert(sizeof...(_BoundArgs) == sizeof...(_Args),
       ^
/usr/include/c++/5/functional: In instantiation of ‘struct std::_Bind_simple<void (*(std::__cxx11::basic_string<char>, WHICH_PRINT, int, int))(std::__cxx11::basic_string<char>, WHICH_PRINT, int, int, int)>’:
/usr/include/c++/5/thread:137:59:   required from ‘std::thread::thread(_Callable&&, _Args&& ...) [with _Callable = void (&)(std::__cxx11::basic_string<char>, WHICH_PRINT, int, int, int); _Args = {std::__cxx11::basic_string<char, std::char_traits<char>, std::allocator<char> >&, WHICH_PRINT&, int&, int&}]’
../src/tester.cpp:74:24:   required from here
/usr/include/c++/5/functional:1505:61: error: no type named ‘type’ in ‘class std::result_of<void (*(std::__cxx11::basic_string<char>, WHICH_PRINT, int, int))(std::__cxx11::basic_string<char>, WHICH_PRINT, int, int, int)>’
       typedef typename result_of<_Callable(_Args...)>::type result_type;
                                                             ^
/usr/include/c++/5/functional:1526:9: error: no type named ‘type’ in ‘class std::result_of<void (*(std::__cxx11::basic_string<char>, WHICH_PRINT, int, int))(std::__cxx11::basic_string<char>, WHICH_PRINT, int, int, int)>’
         _M_invoke(_Index_tuple<_Indices...>)
         ^
make: *** [src/tester.o] Error 1
src/subdir.mk:24: recipe for target 'src/tester.o' failed
12:08:04 **** Incremental Build of configuration Debug for project Project2_Starter ****
make all 
make: Nothing to be done for 'all'.
12:09:10 **** Incremental Build of configuration Debug for project OsPro3_thread ****
make all 
Building file: ../src/tester.cpp
Invoking: GCC C++ Compiler
g++ -std=c++0x -O0 -g3 -Wall -c -fmessage-length=0 -MMD -MP -MF"src/tester.d" -MT"src/tester.o" -o "src/tester.o" "../src/tester.cpp"
../src/tester.cpp: In function ‘void startThreads(std::__cxx11::string, int, WHICH_PRINT, int, int)’:
../src/tester.cpp:74:27: error: expected ‘)’ before ‘;’ token
       millisecond_delay,0);
                           ^
src/subdir.mk:24: recipe for target 'src/tester.o' failed
make: *** [src/tester.o] Error 1
12:09:11 **** Incremental Build of configuration Debug for project Project2_Starter ****
make all 
make: Nothing to be done for 'all'.
12:09:40 **** Incremental Build of configuration Debug for project OsPro3_thread ****
make all 
Building file: ../src/tester.cpp
Invoking: GCC C++ Compiler
g++ -std=c++0x -O0 -g3 -Wall -c -fmessage-length=0 -MMD -MP -MF"src/tester.d" -MT"src/tester.o" -o "src/tester.o" "../src/tester.cpp"
../src/tester.cpp: In function ‘void startThreads(std::__cxx11::string, int, WHICH_PRINT, int, int)’:
../src/tester.cpp:74:34: error: expected ‘)’ before ‘;’ token
       millisecond_delay,isCancel);
                                  ^
src/subdir.mk:24: recipe for target 'src/tester.o' failed
make: *** [src/tester.o] Error 1
12:09:41 **** Incremental Build of configuration Debug for project Project2_Starter ****
make all 
make: Nothing to be done for 'all'.
12:11:53 **** Incremental Build of configuration Debug for project OsPro3_thread ****
make all 
Building file: ../src/tester.cpp
Invoking: GCC C++ Compiler
g++ -std=c++0x -O0 -g3 -Wall -c -fmessage-length=0 -MMD -MP -MF"src/tester.d" -MT"src/tester.o" -o "src/tester.o" "../src/tester.cpp"
Finished building: ../src/tester.cpp
 
Building target: OsPro3_thread
Invoking: GCC C++ Linker
g++  -o "OsPro3_thread"  ./src/main.o ./src/print_ts.o ./src/tester.o   -lpthread
Finished building target: OsPro3_thread
 
12:11:55 **** Incremental Build of configuration Debug for project Project2_Starter ****
make all 
make: Nothing to be done for 'all'.
12:12:04 **** Incremental Build of configuration Debug for project OsPro3_thread ****
make all 
make: Nothing to be done for 'all'.
12:12:08 **** Incremental Build of configuration Debug for project OsPro3_thread ****
make all 
make: Nothing to be done for 'all'.
12:13:40 **** Incremental Build of configuration Debug for project OsPro3_thread ****
make all 
Building file: ../src/main.cpp
Invoking: GCC C++ Compiler
g++ -std=c++0x -O0 -g3 -Wall -c -fmessage-length=0 -MMD -MP -MF"src/main.d" -MT"src/main.o" -o "src/main.o" "../src/main.cpp"
Finished building: ../src/main.cpp
 
Building file: ../src/tester.cpp
Invoking: GCC C++ Compiler
g++ -std=c++0x -O0 -g3 -Wall -c -fmessage-length=0 -MMD -MP -MF"src/tester.d" -MT"src/tester.o" -o "src/tester.o" "../src/tester.cpp"
Finished building: ../src/tester.cpp
 
Building target: OsPro3_thread
Invoking: GCC C++ Linker
g++  -o "OsPro3_thread"  ./src/main.o ./src/print_ts.o ./src/tester.o   -lpthread
Finished building target: OsPro3_thread
 
12:13:58 **** Incremental Build of configuration Debug for project OsPro3_thread ****
make all 
Building file: ../src/main.cpp
Invoking: GCC C++ Compiler
g++ -std=c++0x -O0 -g3 -Wall -c -fmessage-length=0 -MMD -MP -MF"src/main.d" -MT"src/main.o" -o "src/main.o" "../src/main.cpp"
Finished building: ../src/main.cpp
 
Building target: OsPro3_thread
Invoking: GCC C++ Linker
g++  -o "OsPro3_thread"  ./src/main.o ./src/print_ts.o ./src/tester.o   -lpthread
Finished building target: OsPro3_thread
 
19:54:14 **** Incremental Build of configuration Debug for project OsPro3_thread ****
make all 
Building file: ../src/tester.cpp
Invoking: GCC C++ Compiler
g++ -std=c++0x -O0 -g3 -Wall -c -fmessage-length=0 -MMD -MP -MF"src/tester.d" -MT"src/tester.o" -o "src/tester.o" "../src/tester.cpp"
Finished building: ../src/tester.cpp
 
Building target: OsPro3_thread
Invoking: GCC C++ Linker
g++  -o "OsPro3_thread"  ./src/main.o ./src/print_ts.o ./src/tester.o   -lpthread
Finished building target: OsPro3_thread
 
19:54:15 **** Incremental Build of configuration Debug for project Project2_Starter ****
make all 
make: Nothing to be done for 'all'.
19:55:07 **** Incremental Build of configuration Debug for project OsPro3_thread ****
make all 
make: Nothing to be done for 'all'.
19:55:19 **** Incremental Build of configuration Debug for project OsPro3_thread ****
make all 
Building file: ../src/main.cpp
Invoking: GCC C++ Compiler
g++ -std=c++0x -O0 -g3 -Wall -c -fmessage-length=0 -MMD -MP -MF"src/main.d" -MT"src/main.o" -o "src/main.o" "../src/main.cpp"
Finished building: ../src/main.cpp
 
Building target: OsPro3_thread
Invoking: GCC C++ Linker
g++  -o "OsPro3_thread"  ./src/main.o ./src/print_ts.o ./src/tester.o   -lpthread
Finished building target: OsPro3_thread
 
19:56:07 **** Incremental Build of configuration Debug for project OsPro3_thread ****
make all 
Building file: ../src/main.cpp
Invoking: GCC C++ Compiler
g++ -std=c++0x -O0 -g3 -Wall -c -fmessage-length=0 -MMD -MP -MF"src/main.d" -MT"src/main.o" -o "src/main.o" "../src/main.cpp"
Finished building: ../src/main.cpp
 
Building target: OsPro3_thread
Invoking: GCC C++ Linker
g++  -o "OsPro3_thread"  ./src/main.o ./src/print_ts.o ./src/tester.o   -lpthread
Finished building target: OsPro3_thread
 
19:57:15 **** Incremental Build of configuration Debug for project OsPro3_thread ****
make all 
Building file: ../src/tester.cpp
Invoking: GCC C++ Compiler
g++ -std=c++0x -O0 -g3 -Wall -c -fmessage-length=0 -MMD -MP -MF"src/tester.d" -MT"src/tester.o" -o "src/tester.o" "../src/tester.cpp"
Finished building: ../src/tester.cpp
 
Building target: OsPro3_thread
Invoking: GCC C++ Linker
g++  -o "OsPro3_thread"  ./src/main.o ./src/print_ts.o ./src/tester.o   -lpthread
Finished building target: OsPro3_thread
 
19:57:31 **** Incremental Build of configuration Debug for project OsPro3_thread ****
make all 
Building file: ../src/tester.cpp
Invoking: GCC C++ Compiler
g++ -std=c++0x -O0 -g3 -Wall -c -fmessage-length=0 -MMD -MP -MF"src/tester.d" -MT"src/tester.o" -o "src/tester.o" "../src/tester.cpp"
Finished building: ../src/tester.cpp
 
Building target: OsPro3_thread
Invoking: GCC C++ Linker
g++  -o "OsPro3_thread"  ./src/main.o ./src/print_ts.o ./src/tester.o   -lpthread
Finished building target: OsPro3_thread
 
20:08:09 **** Incremental Build of configuration Debug for project OsPro3_thread ****
make all 
make: Nothing to be done for 'all'.
20:10:48 **** Incremental Build of configuration Debug for project OsPro3_thread ****
make all 
Building file: ../src/tester.cpp
Invoking: GCC C++ Compiler
g++ -std=c++0x -O0 -g3 -Wall -c -fmessage-length=0 -MMD -MP -MF"src/tester.d" -MT"src/tester.o" -o "src/tester.o" "../src/tester.cpp"
Finished building: ../src/tester.cpp
 
Building target: OsPro3_thread
Invoking: GCC C++ Linker
g++  -o "OsPro3_thread"  ./src/main.o ./src/print_ts.o ./src/tester.o   -lpthread
Finished building target: OsPro3_thread
 
20:10:52 **** Incremental Build of configuration Debug for project OsPro3_thread ****
make all 
make: Nothing to be done for 'all'.
20:12:59 **** Incremental Build of configuration Debug for project OsPro3_thread ****
make all 
Building file: ../src/main.cpp
Invoking: GCC C++ Compiler
g++ -std=c++0x -O0 -g3 -Wall -c -fmessage-length=0 -MMD -MP -MF"src/main.d" -MT"src/main.o" -o "src/main.o" "../src/main.cpp"
Finished building: ../src/main.cpp
 
Building target: OsPro3_thread
Invoking: GCC C++ Linker
g++  -o "OsPro3_thread"  ./src/main.o ./src/print_ts.o ./src/tester.o   -lpthread
Finished building target: OsPro3_thread
 
20:13:31 **** Incremental Build of configuration Debug for project OsPro3_thread ****
make all 
Building file: ../src/main.cpp
Invoking: GCC C++ Compiler
g++ -std=c++0x -O0 -g3 -Wall -c -fmessage-length=0 -MMD -MP -MF"src/main.d" -MT"src/main.o" -o "src/main.o" "../src/main.cpp"
Finished building: ../src/main.cpp
 
Building target: OsPro3_thread
Invoking: GCC C++ Linker
g++  -o "OsPro3_thread"  ./src/main.o ./src/print_ts.o ./src/tester.o   -lpthread
Finished building target: OsPro3_thread
 
20:13:45 **** Incremental Build of configuration Debug for project OsPro3_thread ****
make all 
Building file: ../src/main.cpp
Invoking: GCC C++ Compiler
g++ -std=c++0x -O0 -g3 -Wall -c -fmessage-length=0 -MMD -MP -MF"src/main.d" -MT"src/main.o" -o "src/main.o" "../src/main.cpp"
Finished building: ../src/main.cpp
 
Building target: OsPro3_thread
Invoking: GCC C++ Linker
g++  -o "OsPro3_thread"  ./src/main.o ./src/print_ts.o ./src/tester.o   -lpthread
Finished building target: OsPro3_thread
 
20:14:00 **** Incremental Build of configuration Debug for project OsPro3_thread ****
make all 
Building file: ../src/main.cpp
Invoking: GCC C++ Compiler
g++ -std=c++0x -O0 -g3 -Wall -c -fmessage-length=0 -MMD -MP -MF"src/main.d" -MT"src/main.o" -o "src/main.o" "../src/main.cpp"
Finished building: ../src/main.cpp
 
Building target: OsPro3_thread
Invoking: GCC C++ Linker
g++  -o "OsPro3_thread"  ./src/main.o ./src/print_ts.o ./src/tester.o   -lpthread
Finished building target: OsPro3_thread
 
20:14:24 **** Incremental Build of configuration Debug for project OsPro3_thread ****
make all 
Building file: ../src/main.cpp
Invoking: GCC C++ Compiler
g++ -std=c++0x -O0 -g3 -Wall -c -fmessage-length=0 -MMD -MP -MF"src/main.d" -MT"src/main.o" -o "src/main.o" "../src/main.cpp"
Finished building: ../src/main.cpp
 
Building target: OsPro3_thread
Invoking: GCC C++ Linker
g++  -o "OsPro3_thread"  ./src/main.o ./src/print_ts.o ./src/tester.o   -lpthread
Finished building target: OsPro3_thread
 
20:14:35 **** Incremental Build of configuration Debug for project OsPro3_thread ****
make all 
Building file: ../src/main.cpp
Invoking: GCC C++ Compiler
g++ -std=c++0x -O0 -g3 -Wall -c -fmessage-length=0 -MMD -MP -MF"src/main.d" -MT"src/main.o" -o "src/main.o" "../src/main.cpp"
Finished building: ../src/main.cpp
 
Building target: OsPro3_thread
Invoking: GCC C++ Linker
g++  -o "OsPro3_thread"  ./src/main.o ./src/print_ts.o ./src/tester.o   -lpthread
Finished building target: OsPro3_thread
 
20:15:44 **** Incremental Build of configuration Debug for project OsPro3_thread ****
make all 
Building file: ../src/main.cpp
Invoking: GCC C++ Compiler
g++ -std=c++0x -O0 -g3 -Wall -c -fmessage-length=0 -MMD -MP -MF"src/main.d" -MT"src/main.o" -o "src/main.o" "../src/main.cpp"
Finished building: ../src/main.cpp
 
Building target: OsPro3_thread
Invoking: GCC C++ Linker
g++  -o "OsPro3_thread"  ./src/main.o ./src/print_ts.o ./src/tester.o   -lpthread
Finished building target: OsPro3_thread
 
20:21:33 **** Incremental Build of configuration Debug for project OsPro3_thread ****
make all 
Building file: ../src/tester.cpp
Invoking: GCC C++ Compiler
g++ -std=c++0x -O0 -g3 -Wall -c -fmessage-length=0 -MMD -MP -MF"src/tester.d" -MT"src/tester.o" -o "src/tester.o" "../src/tester.cpp"
../src/tester.cpp:17:1: error: ‘mutex’ does not name a type
 mutex m;
 ^
../src/tester.cpp: In function ‘void multiprint(std::__cxx11::string, WHICH_PRINT, int, int)’:
../src/tester.cpp:49:3: error: ‘m’ was not declared in this scope
   m.lock();
   ^
../src/tester.cpp:55:3: error: ‘m’ was not declared in this scope
   m.lock();
   ^
src/subdir.mk:24: recipe for target 'src/tester.o' failed
make: *** [src/tester.o] Error 1
20:22:12 **** Incremental Build of configuration Debug for project OsPro3_thread ****
make all 
Building file: ../src/tester.cpp
Invoking: GCC C++ Compiler
g++ -std=c++0x -O0 -g3 -Wall -c -fmessage-length=0 -MMD -MP -MF"src/tester.d" -MT"src/tester.o" -o "src/tester.o" "../src/tester.cpp"
Finished building: ../src/tester.cpp
 
Building target: OsPro3_thread
Invoking: GCC C++ Linker
g++  -o "OsPro3_thread"  ./src/main.o ./src/print_ts.o ./src/tester.o   -lpthread
./src/tester.o:(.bss+0x20): multiple definition of `m'
makefile:45: recipe for target 'OsPro3_thread' failed
./src/print_ts.o:(.bss+0x0): first defined here
collect2: error: ld returned 1 exit status
make: *** [OsPro3_thread] Error 1
20:22:40 **** Incremental Build of configuration Debug for project OsPro3_thread ****
make all 
Building target: OsPro3_thread
Invoking: GCC C++ Linker
g++  -o "OsPro3_thread"  ./src/main.o ./src/print_ts.o ./src/tester.o   -lpthread
./src/tester.o:(.bss+0x20): multiple definition of `m'
./src/print_ts.o:(.bss+0x0): first defined here
collect2: error: ld returned 1 exit status
make: *** [OsPro3_thread] Error 1
makefile:45: recipe for target 'OsPro3_thread' failed
20:23:14 **** Incremental Build of configuration Debug for project OsPro3_thread ****
make all 
Building file: ../src/tester.cpp
Invoking: GCC C++ Compiler
g++ -std=c++0x -O0 -g3 -Wall -c -fmessage-length=0 -MMD -MP -MF"src/tester.d" -MT"src/tester.o" -o "src/tester.o" "../src/tester.cpp"
../src/tester.cpp: In function ‘void multiprint(std::__cxx11::string, WHICH_PRINT, int, int)’:
../src/tester.cpp:48:3: error: ‘m’ was not declared in this scope
   m.lock();
   ^
../src/tester.cpp:54:3: error: ‘m’ was not declared in this scope
   m.lock();
   ^
make: *** [src/tester.o] Error 1
src/subdir.mk:24: recipe for target 'src/tester.o' failed
20:24:31 **** Incremental Build of configuration Debug for project OsPro3_thread ****
make all 
Building file: ../src/tester.cpp
Invoking: GCC C++ Compiler
g++ -std=c++0x -O0 -g3 -Wall -c -fmessage-length=0 -MMD -MP -MF"src/tester.d" -MT"src/tester.o" -o "src/tester.o" "../src/tester.cpp"
../src/tester.cpp:17:1: error: ‘mutex’ does not name a type
 mutex n;
 ^
../src/tester.cpp: In function ‘void multiprint(std::__cxx11::string, WHICH_PRINT, int, int)’:
../src/tester.cpp:49:3: error: ‘n’ was not declared in this scope
   n.lock();
   ^
../src/tester.cpp:55:3: error: ‘n’ was not declared in this scope
   n.lock();
   ^
make: *** [src/tester.o] Error 1
src/subdir.mk:24: recipe for target 'src/tester.o' failed
20:25:18 **** Incremental Build of configuration Debug for project OsPro3_thread ****
make all 
Building file: ../src/tester.cpp
Invoking: GCC C++ Compiler
g++ -std=c++0x -O0 -g3 -Wall -c -fmessage-length=0 -MMD -MP -MF"src/tester.d" -MT"src/tester.o" -o "src/tester.o" "../src/tester.cpp"
../src/tester.cpp:17:1: error: ‘mutex’ does not name a type
 mutex n;
 ^
../src/tester.cpp: In function ‘void multiprint(std::__cxx11::string, WHICH_PRINT, int, int)’:
../src/tester.cpp:49:3: error: ‘n’ was not declared in this scope
   n.lock();
   ^
../src/tester.cpp:55:3: error: ‘n’ was not declared in this scope
   n.lock();
   ^
make: *** [src/tester.o] Error 1
src/subdir.mk:24: recipe for target 'src/tester.o' failed
20:25:19 **** Incremental Build of configuration Debug for project Project2_Starter ****
make all 
make: Nothing to be done for 'all'.
20:25:33 **** Incremental Build of configuration Debug for project OsPro3_thread ****
make all 
Building file: ../src/tester.cpp
Invoking: GCC C++ Compiler
g++ -std=c++0x -O0 -g3 -Wall -c -fmessage-length=0 -MMD -MP -MF"src/tester.d" -MT"src/tester.o" -o "src/tester.o" "../src/tester.cpp"
Finished building: ../src/tester.cpp
 
Building target: OsPro3_thread
Invoking: GCC C++ Linker
g++  -o "OsPro3_thread"  ./src/main.o ./src/print_ts.o ./src/tester.o   -lpthread
Finished building target: OsPro3_thread
 
20:25:35 **** Incremental Build of configuration Debug for project Project2_Starter ****
make all 
make: Nothing to be done for 'all'.
20:25:40 **** Incremental Build of configuration Debug for project OsPro3_thread ****
make all 
make: Nothing to be done for 'all'.
20:28:36 **** Incremental Build of configuration Debug for project OsPro3_thread ****
make all 
Building file: ../src/tester.cpp
Invoking: GCC C++ Compiler
g++ -std=c++0x -O0 -g3 -Wall -c -fmessage-length=0 -MMD -MP -MF"src/tester.d" -MT"src/tester.o" -o "src/tester.o" "../src/tester.cpp"
../src/tester.cpp: In function ‘void multiprint(std::__cxx11::string, WHICH_PRINT, int, int)’:
../src/tester.cpp:52:30: error: ‘this_id’ was not declared in this scope
   std::cout << "Thread: " << this_id << " exiting" << std::endl;
                              ^
../src/tester.cpp:58:29: error: ‘this_id’ was not declared in this scope
   std::cout << "Thread:" << this_id << " exiting" << std::endl;
                             ^
make: *** [src/tester.o] Error 1
src/subdir.mk:24: recipe for target 'src/tester.o' failed
20:28:37 **** Incremental Build of configuration Debug for project Project2_Starter ****
make all 
make: Nothing to be done for 'all'.
20:28:58 **** Incremental Build of configuration Debug for project OsPro3_thread ****
make all 
Building file: ../src/tester.cpp
Invoking: GCC C++ Compiler
g++ -std=c++0x -O0 -g3 -Wall -c -fmessage-length=0 -MMD -MP -MF"src/tester.d" -MT"src/tester.o" -o "src/tester.o" "../src/tester.cpp"
Finished building: ../src/tester.cpp
 
Building target: OsPro3_thread
Invoking: GCC C++ Linker
g++  -o "OsPro3_thread"  ./src/main.o ./src/print_ts.o ./src/tester.o   -lpthread
Finished building target: OsPro3_thread
 
20:29:08 **** Incremental Build of configuration Debug for project OsPro3_thread ****
make all 
make: Nothing to be done for 'all'.
20:29:22 **** Incremental Build of configuration Debug for project OsPro3_thread ****
make all 
make: Nothing to be done for 'all'.
20:29:23 **** Incremental Build of configuration Debug for project Project2_Starter ****
make all 
make: Nothing to be done for 'all'.
20:29:25 **** Incremental Build of configuration Debug for project OsPro3_thread ****
make all 
make: Nothing to be done for 'all'.
20:32:17 **** Incremental Build of configuration Debug for project OsPro3_thread ****
make all 
Building file: ../src/main.cpp
Invoking: GCC C++ Compiler
g++ -std=c++0x -O0 -g3 -Wall -c -fmessage-length=0 -MMD -MP -MF"src/main.d" -MT"src/main.o" -o "src/main.o" "../src/main.cpp"
Finished building: ../src/main.cpp
 
Building target: OsPro3_thread
Invoking: GCC C++ Linker
g++  -o "OsPro3_thread"  ./src/main.o ./src/print_ts.o ./src/tester.o   -lpthread
Finished building target: OsPro3_thread
 
20:33:02 **** Incremental Build of configuration Debug for project OsPro3_thread ****
make all 
Building file: ../src/main.cpp
Invoking: GCC C++ Compiler
g++ -std=c++0x -O0 -g3 -Wall -c -fmessage-length=0 -MMD -MP -MF"src/main.d" -MT"src/main.o" -o "src/main.o" "../src/main.cpp"
Finished building: ../src/main.cpp
 
Building target: OsPro3_thread
Invoking: GCC C++ Linker
g++  -o "OsPro3_thread"  ./src/main.o ./src/print_ts.o ./src/tester.o   -lpthread
Finished building target: OsPro3_thread
 
20:33:56 **** Incremental Build of configuration Debug for project OsPro3_thread ****
make all 
Building file: ../src/tester.cpp
Invoking: GCC C++ Compiler
g++ -std=c++0x -O0 -g3 -Wall -c -fmessage-length=0 -MMD -MP -MF"src/tester.d" -MT"src/tester.o" -o "src/tester.o" "../src/tester.cpp"
../src/tester.cpp: In function ‘void multiprint(std::__cxx11::string, WHICH_PRINT, int, int)’:
../src/tester.cpp:52:3: error: break statement not within loop or switch
   break;
   ^
make: *** [src/tester.o] Error 1
src/subdir.mk:24: recipe for target 'src/tester.o' failed
20:34:00 **** Incremental Build of configuration Debug for project OsPro3_thread ****
make all 
Building file: ../src/tester.cpp
Invoking: GCC C++ Compiler
g++ -std=c++0x -O0 -g3 -Wall -c -fmessage-length=0 -MMD -MP -MF"src/tester.d" -MT"src/tester.o" -o "src/tester.o" "../src/tester.cpp"
../src/tester.cpp: In function ‘void multiprint(std::__cxx11::string, WHICH_PRINT, int, int)’:
../src/tester.cpp:52:3: error: break statement not within loop or switch
   break;
   ^
src/subdir.mk:24: recipe for target 'src/tester.o' failed
make: *** [src/tester.o] Error 1
20:34:02 **** Incremental Build of configuration Debug for project Project2_Starter ****
make all 
make: Nothing to be done for 'all'.
20:36:58 **** Incremental Build of configuration Debug for project OsPro3_thread ****
make all 
Building file: ../src/tester.cpp
Invoking: GCC C++ Compiler
g++ -std=c++0x -O0 -g3 -Wall -c -fmessage-length=0 -MMD -MP -MF"src/tester.d" -MT"src/tester.o" -o "src/tester.o" "../src/tester.cpp"
Finished building: ../src/tester.cpp
 
Building target: OsPro3_thread
Invoking: GCC C++ Linker
g++  -o "OsPro3_thread"  ./src/main.o ./src/print_ts.o ./src/tester.o   -lpthread
Finished building target: OsPro3_thread
 
20:37:55 **** Incremental Build of configuration Debug for project OsPro3_thread ****
make all 
Building file: ../src/tester.cpp
Invoking: GCC C++ Compiler
g++ -std=c++0x -O0 -g3 -Wall -c -fmessage-length=0 -MMD -MP -MF"src/tester.d" -MT"src/tester.o" -o "src/tester.o" "../src/tester.cpp"
../src/tester.cpp:18:1: error: ‘mutex’ does not name a type
 mutex n;
 ^
../src/tester.cpp: In function ‘void multiprint(std::__cxx11::string, WHICH_PRINT, int, int)’:
../src/tester.cpp:53:3: error: ‘n’ was not declared in this scope
   n.lock();
   ^
../src/tester.cpp:59:3: error: ‘n’ was not declared in this scope
   n.lock();
   ^
src/subdir.mk:24: recipe for target 'src/tester.o' failed
make: *** [src/tester.o] Error 1
20:38:01 **** Incremental Build of configuration Debug for project OsPro3_thread ****
make all 
Building file: ../src/tester.cpp
Invoking: GCC C++ Compiler
g++ -std=c++0x -O0 -g3 -Wall -c -fmessage-length=0 -MMD -MP -MF"src/tester.d" -MT"src/tester.o" -o "src/tester.o" "../src/tester.cpp"
../src/tester.cpp:18:1: error: ‘mutex’ does not name a type
 mutex n;
 ^
../src/tester.cpp: In function ‘void multiprint(std::__cxx11::string, WHICH_PRINT, int, int)’:
../src/tester.cpp:53:3: error: ‘n’ was not declared in this scope
   n.lock();
   ^
../src/tester.cpp:59:3: error: ‘n’ was not declared in this scope
   n.lock();
   ^
src/subdir.mk:24: recipe for target 'src/tester.o' failed
make: *** [src/tester.o] Error 1
20:38:02 **** Incremental Build of configuration Debug for project Project2_Starter ****
make all 
make: Nothing to be done for 'all'.
20:38:08 **** Incremental Build of configuration Debug for project OsPro3_thread ****
make all 
Building file: ../src/tester.cpp
Invoking: GCC C++ Compiler
g++ -std=c++0x -O0 -g3 -Wall -c -fmessage-length=0 -MMD -MP -MF"src/tester.d" -MT"src/tester.o" -o "src/tester.o" "../src/tester.cpp"
../src/tester.cpp:18:1: error: ‘mutex’ does not name a type
 mutex n;
 ^
../src/tester.cpp: In function ‘void multiprint(std::__cxx11::string, WHICH_PRINT, int, int)’:
../src/tester.cpp:53:3: error: ‘n’ was not declared in this scope
   n.lock();
   ^
../src/tester.cpp:59:3: error: ‘n’ was not declared in this scope
   n.lock();
   ^
src/subdir.mk:24: recipe for target 'src/tester.o' failed
make: *** [src/tester.o] Error 1
20:38:09 **** Incremental Build of configuration Debug for project Project2_Starter ****
make all 
make: Nothing to be done for 'all'.
20:38:19 **** Incremental Build of configuration Debug for project OsPro3_thread ****
make all 
Building file: ../src/tester.cpp
Invoking: GCC C++ Compiler
g++ -std=c++0x -O0 -g3 -Wall -c -fmessage-length=0 -MMD -MP -MF"src/tester.d" -MT"src/tester.o" -o "src/tester.o" "../src/tester.cpp"
Finished building: ../src/tester.cpp
 
Building target: OsPro3_thread
Invoking: GCC C++ Linker
g++  -o "OsPro3_thread"  ./src/main.o ./src/print_ts.o ./src/tester.o   -lpthread
Finished building target: OsPro3_thread
 
20:38:21 **** Incremental Build of configuration Debug for project Project2_Starter ****
make all 
make: Nothing to be done for 'all'.
20:38:24 **** Incremental Build of configuration Debug for project OsPro3_thread ****
make all 
make: Nothing to be done for 'all'.
20:38:56 **** Incremental Build of configuration Debug for project OsPro3_thread ****
make all 
Building file: ../src/main.cpp
Invoking: GCC C++ Compiler
g++ -std=c++0x -O0 -g3 -Wall -c -fmessage-length=0 -MMD -MP -MF"src/main.d" -MT"src/main.o" -o "src/main.o" "../src/main.cpp"
Finished building: ../src/main.cpp
 
Building target: OsPro3_thread
Invoking: GCC C++ Linker
g++  -o "OsPro3_thread"  ./src/main.o ./src/print_ts.o ./src/tester.o   -lpthread
Finished building target: OsPro3_thread
 
20:39:14 **** Incremental Build of configuration Debug for project OsPro3_thread ****
make all 
Building file: ../src/main.cpp
Invoking: GCC C++ Compiler
g++ -std=c++0x -O0 -g3 -Wall -c -fmessage-length=0 -MMD -MP -MF"src/main.d" -MT"src/main.o" -o "src/main.o" "../src/main.cpp"
Finished building: ../src/main.cpp
 
Building target: OsPro3_thread
Invoking: GCC C++ Linker
g++  -o "OsPro3_thread"  ./src/main.o ./src/print_ts.o ./src/tester.o   -lpthread
Finished building target: OsPro3_thread
 
20:40:21 **** Incremental Build of configuration Debug for project OsPro3_thread ****
make all 
Building file: ../src/tester.cpp
Invoking: GCC C++ Compiler
g++ -std=c++0x -O0 -g3 -Wall -c -fmessage-length=0 -MMD -MP -MF"src/tester.d" -MT"src/tester.o" -o "src/tester.o" "../src/tester.cpp"
Finished building: ../src/tester.cpp
 
Building target: OsPro3_thread
Invoking: GCC C++ Linker
g++  -o "OsPro3_thread"  ./src/main.o ./src/print_ts.o ./src/tester.o   -lpthread
Finished building target: OsPro3_thread
 
20:40:23 **** Incremental Build of configuration Debug for project Project2_Starter ****
make all 
make: Nothing to be done for 'all'.
20:40:25 **** Incremental Build of configuration Debug for project OsPro3_thread ****
make all 
make: Nothing to be done for 'all'.
20:40:49 **** Incremental Build of configuration Debug for project OsPro3_thread ****
make all 
Building file: ../src/main.cpp
Invoking: GCC C++ Compiler
g++ -std=c++0x -O0 -g3 -Wall -c -fmessage-length=0 -MMD -MP -MF"src/main.d" -MT"src/main.o" -o "src/main.o" "../src/main.cpp"
Finished building: ../src/main.cpp
 
Building target: OsPro3_thread
Invoking: GCC C++ Linker
g++  -o "OsPro3_thread"  ./src/main.o ./src/print_ts.o ./src/tester.o   -lpthread
Finished building target: OsPro3_thread
 
20:41:08 **** Incremental Build of configuration Debug for project OsPro3_thread ****
make all 
Building file: ../src/main.cpp
Invoking: GCC C++ Compiler
g++ -std=c++0x -O0 -g3 -Wall -c -fmessage-length=0 -MMD -MP -MF"src/main.d" -MT"src/main.o" -o "src/main.o" "../src/main.cpp"
Finished building: ../src/main.cpp
 
Building target: OsPro3_thread
Invoking: GCC C++ Linker
g++  -o "OsPro3_thread"  ./src/main.o ./src/print_ts.o ./src/tester.o   -lpthread
Finished building target: OsPro3_thread
 
20:41:47 **** Incremental Build of configuration Debug for project OsPro3_thread ****
make all 
Building file: ../src/main.cpp
Invoking: GCC C++ Compiler
g++ -std=c++0x -O0 -g3 -Wall -c -fmessage-length=0 -MMD -MP -MF"src/main.d" -MT"src/main.o" -o "src/main.o" "../src/main.cpp"
Finished building: ../src/main.cpp
 
Building target: OsPro3_thread
Invoking: GCC C++ Linker
g++  -o "OsPro3_thread"  ./src/main.o ./src/print_ts.o ./src/tester.o   -lpthread
Finished building target: OsPro3_thread
 
20:42:00 **** Incremental Build of configuration Debug for project OsPro3_thread ****
make all 
Building file: ../src/main.cpp
Invoking: GCC C++ Compiler
g++ -std=c++0x -O0 -g3 -Wall -c -fmessage-length=0 -MMD -MP -MF"src/main.d" -MT"src/main.o" -o "src/main.o" "../src/main.cpp"
Finished building: ../src/main.cpp
 
Building target: OsPro3_thread
Invoking: GCC C++ Linker
g++  -o "OsPro3_thread"  ./src/main.o ./src/print_ts.o ./src/tester.o   -lpthread
Finished building target: OsPro3_thread
 
20:45:57 **** Incremental Build of configuration Debug for project OsPro3_thread ****
make all 
Building file: ../src/main.cpp
Invoking: GCC C++ Compiler
g++ -std=c++0x -O0 -g3 -Wall -c -fmessage-length=0 -MMD -MP -MF"src/main.d" -MT"src/main.o" -o "src/main.o" "../src/main.cpp"
Finished building: ../src/main.cpp
 
Building file: ../src/tester.cpp
Invoking: GCC C++ Compiler
g++ -std=c++0x -O0 -g3 -Wall -c -fmessage-length=0 -MMD -MP -MF"src/tester.d" -MT"src/tester.o" -o "src/tester.o" "../src/tester.cpp"
Finished building: ../src/tester.cpp
 
Building target: OsPro3_thread
Invoking: GCC C++ Linker
g++  -o "OsPro3_thread"  ./src/main.o ./src/print_ts.o ./src/tester.o   -lpthread
Finished building target: OsPro3_thread
 
20:45:59 **** Incremental Build of configuration Debug for project Project2_Starter ****
make all 
make: Nothing to be done for 'all'.
20:46:13 **** Incremental Build of configuration Debug for project OsPro3_thread ****
make all 
Building file: ../src/main.cpp
Invoking: GCC C++ Compiler
g++ -std=c++0x -O0 -g3 -Wall -c -fmessage-length=0 -MMD -MP -MF"src/main.d" -MT"src/main.o" -o "src/main.o" "../src/main.cpp"
Finished building: ../src/main.cpp
 
Building target: OsPro3_thread
Invoking: GCC C++ Linker
g++  -o "OsPro3_thread"  ./src/main.o ./src/print_ts.o ./src/tester.o   -lpthread
Finished building target: OsPro3_thread
 
20:46:39 **** Incremental Build of configuration Debug for project OsPro3_thread ****
make all 
make: Nothing to be done for 'all'.
20:46:53 **** Incremental Build of configuration Debug for project OsPro3_thread ****
make all 
make: Nothing to be done for 'all'.
20:46:56 **** Incremental Build of configuration Debug for project OsPro3_thread ****
make all 
make: Nothing to be done for 'all'.
20:46:59 **** Incremental Build of configuration Debug for project OsPro3_thread ****
make all 
make: Nothing to be done for 'all'.
20:47:11 **** Incremental Build of configuration Debug for project OsPro3_thread ****
make all 
Building file: ../src/main.cpp
Invoking: GCC C++ Compiler
g++ -std=c++0x -O0 -g3 -Wall -c -fmessage-length=0 -MMD -MP -MF"src/main.d" -MT"src/main.o" -o "src/main.o" "../src/main.cpp"
Finished building: ../src/main.cpp
 
Building target: OsPro3_thread
Invoking: GCC C++ Linker
g++  -o "OsPro3_thread"  ./src/main.o ./src/print_ts.o ./src/tester.o   -lpthread
Finished building target: OsPro3_thread
 
20:47:46 **** Incremental Build of configuration Debug for project OsPro3_thread ****
make all 
Building file: ../src/tester.cpp
Invoking: GCC C++ Compiler
g++ -std=c++0x -O0 -g3 -Wall -c -fmessage-length=0 -MMD -MP -MF"src/tester.d" -MT"src/tester.o" -o "src/tester.o" "../src/tester.cpp"
Finished building: ../src/tester.cpp
 
Building target: OsPro3_thread
Invoking: GCC C++ Linker
g++  -o "OsPro3_thread"  ./src/main.o ./src/print_ts.o ./src/tester.o   -lpthread
Finished building target: OsPro3_thread
 
20:47:55 **** Incremental Build of configuration Debug for project OsPro3_thread ****
make all 
make: Nothing to be done for 'all'.
20:48:45 **** Incremental Build of configuration Debug for project OsPro3_thread ****
make all 
Building file: ../src/main.cpp
Invoking: GCC C++ Compiler
g++ -std=c++0x -O0 -g3 -Wall -c -fmessage-length=0 -MMD -MP -MF"src/main.d" -MT"src/main.o" -o "src/main.o" "../src/main.cpp"
Finished building: ../src/main.cpp
 
Building target: OsPro3_thread
Invoking: GCC C++ Linker
g++  -o "OsPro3_thread"  ./src/main.o ./src/print_ts.o ./src/tester.o   -lpthread
Finished building target: OsPro3_thread
 
20:48:53 **** Incremental Build of configuration Debug for project OsPro3_thread ****
make all 
make: Nothing to be done for 'all'.
20:49:50 **** Incremental Build of configuration Debug for project OsPro3_thread ****
make all 
Building file: ../src/main.cpp
Invoking: GCC C++ Compiler
g++ -std=c++0x -O0 -g3 -Wall -c -fmessage-length=0 -MMD -MP -MF"src/main.d" -MT"src/main.o" -o "src/main.o" "../src/main.cpp"
Finished building: ../src/main.cpp
 
Building target: OsPro3_thread
Invoking: GCC C++ Linker
g++  -o "OsPro3_thread"  ./src/main.o ./src/print_ts.o ./src/tester.o   -lpthread
Finished building target: OsPro3_thread
 
20:50:12 **** Incremental Build of configuration Debug for project OsPro3_thread ****
make all 
Building file: ../src/main.cpp
Invoking: GCC C++ Compiler
g++ -std=c++0x -O0 -g3 -Wall -c -fmessage-length=0 -MMD -MP -MF"src/main.d" -MT"src/main.o" -o "src/main.o" "../src/main.cpp"
Finished building: ../src/main.cpp
 
Building target: OsPro3_thread
Invoking: GCC C++ Linker
g++  -o "OsPro3_thread"  ./src/main.o ./src/print_ts.o ./src/tester.o   -lpthread
Finished building target: OsPro3_thread
 
